<?xml version="1.0" encoding="UTF-8"?>
<!-- Generated by org.testng.reporters.JUnitXMLReporter -->
<testsuite hostname="DESKTOP-UR5LEMI" ignored="0" name="Test" tests="3" failures="0" timestamp="2020-07-30T04:53:36 EDT" time="126.682" errors="0">
  <testcase name="totalValidation" time="50.097" classname="AppiumProject.AppiumFramework.Ecommerce_test_case1"/>
  <testcase name="apiDemos" time="37.699" classname="AppiumProject.AppiumFramework.ApiDemo_test_case1"/>
  <testcase name="apiDemos" time="32.792" classname="AppiumProject.AppiumFramework.ApiDemo_test_case1"/>
</testsuite> <!-- Test -->
