<?xml version="1.0" encoding="UTF-8"?>
<!-- Generated by org.testng.reporters.JUnitXMLReporter -->
<testsuite hostname="DESKTOP-UR5LEMI" ignored="0" name="Test" tests="3" failures="0" timestamp="30 Jul 2020 23:50:56 GMT" time="115.005" errors="0">
  <testcase name="totalValidation" time="39.612" classname="AppiumProject.AppiumFramework.Ecommerce_test_case1"/>
  <testcase name="apiDemos" time="35.818" classname="AppiumProject.AppiumFramework.ApiDemo_test_case1"/>
  <testcase name="apiDemos" time="33.521" classname="AppiumProject.AppiumFramework.ApiDemo_test_case1"/>
</testsuite> <!-- Test -->
