<?xml version="1.0" encoding="UTF-8"?>
<testsuite xmlns:xsi="http://www.w3.org/2001/XMLSchema-instance" xsi:noNamespaceSchemaLocation="https://maven.apache.org/surefire/maven-surefire-plugin/xsd/surefire-test-report-3.0.xsd" version="3.0" name="TestSuite" time="117.738" tests="3" errors="0" skipped="0" failures="0">
  <properties>
[...]
</properties>
  <testcase name="totalValidation" classname="AppiumProject.AppiumFramework.Ecommerce_test_case1" time="39.612">
    <system-out><![CDATA[[TestNGContentHandler] [WARN] It is strongly recommended to add "<!DOCTYPE suite SYSTEM "http://testng.org/testng-1.0.dtd" >" at the top of your file, otherwise TestNG may fail or not work as expected.
&amp#27;[35m[Appium]&amp#27;[39m Welcome to Appium v1.17.0
&amp#27;[35m[Appium]&amp#27;[39m Appium REST http interface listener started on 0.0.0.0:4723
&amp#27;[35m[HTTP]&amp#27;[39m &amp#27;[37m-->&amp#27;[39m &amp#27;[37mGET&amp#27;[39m &amp#27;[37m/wd/hub/status&amp#27;[39m
&amp#27;[35m[HTTP]&amp#27;[39m &amp#27;[90m{}&amp#27;[39m
[debug] &amp#27;[35m[GENERIC]&amp#27;[39m Calling AppiumDriver.getStatus() with args: []
[debug] &amp#27;[35m[GENERIC]&amp#27;[39m Responding to client with driver.getStatus() result: {"build":{"version":"1.17.0"}}
&amp#27;[35m[HTTP]&amp#27;[39m &amp#27;[37m<-- GET /wd/hub/status &amp#27;[39m&amp#27;[32m200&amp#27;[39m &amp#27;[90m6 ms - 68&amp#27;[39m
&amp#27;[35m[HTTP]&amp#27;[39m &amp#27;[90m&amp#27;[39m
&amp#27;[35m[HTTP]&amp#27;[39m &amp#27;[37m-->&amp#27;[39m &amp#27;[37mPOST&amp#27;[39m &amp#27;[37m/wd/hub/session&amp#27;[39m
&amp#27;[35m[HTTP]&amp#27;[39m &amp#27;[90m{"desiredCapabilities":{"app":"C:\\Users\\akhil\\eclipse-workspace\\AppiumFramework\\src\\General-Store.apk","newCommandTimeout":14,"automationName":"Uiautomator2","platformName":"Android","deviceName":"APTicksEmulator","version":"9.0"},"capabilities":{"firstMatch":[{"appium:app":"C:\\Users\\akhil\\eclipse-workspace\\AppiumFramework\\src\\General-Store.apk","appium:automationName":"Uiautomator2","appium:deviceName":"APTicksEmulator","appium:newCommandTimeout":14,"platformName":"android","version":"9.0"}]}}&amp#27;[39m
[debug] &amp#27;[35m[W3C]&amp#27;[39m Calling AppiumDriver.createSession() with args: [{"app":"C:\\Users\\akhil\\eclipse-workspace\\AppiumFramework\\src\\General-Store.apk","newCommandTimeout":14,"automationName":"Uiautomator2","platformName":"Android","deviceName":"APTicksEmulator","version":"9.0"},null,{"firstMatch":[{"appium:app":"C:\\Users\\akhil\\eclipse-workspace\\AppiumFramework\\src\\General-Store.apk","appium:automationName":"Uiautomator2","appium:deviceName":"APTicksEmulator","appium:newCommandTimeout":14,"platformName":"android","version":"9.0"}]}]
[debug] &amp#27;[35m[BaseDriver]&amp#27;[39m Event 'newSessionRequested' logged at 1596152956498 (19:49:16 GMT-0400 (Eastern Daylight Time))
&amp#27;[35m[BaseDriver]&amp#27;[39m The following capabilities are not standard capabilities and should have an extension prefix:
&amp#27;[35m[BaseDriver]&amp#27;[39m   version
&amp#27;[35m[Appium]&amp#27;[39m Appium v1.17.0 creating new AndroidUiautomator2Driver (v1.44.2) session
[debug] &amp#27;[35m[BaseDriver]&amp#27;[39m W3C capabilities and MJSONWP desired capabilities were provided
[debug] &amp#27;[35m[BaseDriver]&amp#27;[39m Creating session with W3C capabilities: {
[debug] &amp#27;[35m[BaseDriver]&amp#27;[39m   "alwaysMatch": {
[debug] &amp#27;[35m[BaseDriver]&amp#27;[39m     "platformName": "android",
[debug] &amp#27;[35m[BaseDriver]&amp#27;[39m     "appium:version": "9.0",
[debug] &amp#27;[35m[BaseDriver]&amp#27;[39m     "appium:app": "C:\\Users\\akhil\\eclipse-workspace\\AppiumFramework\\src\\General-Store.apk",
[debug] &amp#27;[35m[BaseDriver]&amp#27;[39m     "appium:automationName": "Uiautomator2",
[debug] &amp#27;[35m[BaseDriver]&amp#27;[39m     "appium:deviceName": "APTicksEmulator",
[debug] &amp#27;[35m[BaseDriver]&amp#27;[39m     "appium:newCommandTimeout": 14
[debug] &amp#27;[35m[BaseDriver]&amp#27;[39m   },
[debug] &amp#27;[35m[BaseDriver]&amp#27;[39m   "firstMatch": [
[debug] &amp#27;[35m[BaseDriver]&amp#27;[39m     {}
[debug] &amp#27;[35m[BaseDriver]&amp#27;[39m   ]
[debug] &amp#27;[35m[BaseDriver]&amp#27;[39m }
&amp#27;[35m[BaseDriver]&amp#27;[39m The following capabilities were provided, but are not recognized by Appium:
&amp#27;[35m[BaseDriver]&amp#27;[39m   version
&amp#27;[35m[BaseDriver]&amp#27;[39m Session created with session id: a225c595-7f1d-4969-9777-d66d072ae31a
&amp#27;[35m[BaseDriver]&amp#27;[39m Using local app 'C:\Users\akhil\eclipse-workspace\AppiumFramework\src\General-Store.apk'
[debug] &amp#27;[35m[UiAutomator2]&amp#27;[39m Checking whether app is actually present
&amp#27;[35m[ADB]&amp#27;[39m Found 1 'build-tools' folders under 'C:\Users\akhil\AppData\Local\Android\Sdk\' (newest first):
&amp#27;[35m[ADB]&amp#27;[39m     C:/Users/akhil/AppData/Local/Android/Sdk/build-tools/29.0.3
&amp#27;[35m[ADB]&amp#27;[39m Using 'adb.exe' from 'C:\Users\akhil\AppData\Local\Android\Sdk\platform-tools\adb.exe'
&amp#27;[35m[AndroidDriver]&amp#27;[39m Retrieving device list
[debug] &amp#27;[35m[ADB]&amp#27;[39m Trying to find a connected android device
[debug] &amp#27;[35m[ADB]&amp#27;[39m Getting connected devices...
[debug] &amp#27;[35m[ADB]&amp#27;[39m Connected devices: [{"udid":"emulator-5554","state":"device"}]
&amp#27;[35m[AndroidDriver]&amp#27;[39m Using device: emulator-5554
&amp#27;[35m[ADB]&amp#27;[39m Using 'adb.exe' from 'C:\Users\akhil\AppData\Local\Android\Sdk\platform-tools\adb.exe'
[debug] &amp#27;[35m[ADB]&amp#27;[39m Setting device id to emulator-5554
[debug] &amp#27;[35m[ADB]&amp#27;[39m Running 'C:\Users\akhil\AppData\Local\Android\Sdk\platform-tools\adb.exe -P 5037 -s emulator-5554 shell getprop ro.build.version.sdk'
[debug] &amp#27;[35m[ADB]&amp#27;[39m Current device property 'ro.build.version.sdk': 28
&amp#27;[35m[ADB]&amp#27;[39m Getting device platform version
[debug] &amp#27;[35m[ADB]&amp#27;[39m Running 'C:\Users\akhil\AppData\Local\Android\Sdk\platform-tools\adb.exe -P 5037 -s emulator-5554 shell getprop ro.build.version.release'
[debug] &amp#27;[35m[ADB]&amp#27;[39m Current device property 'ro.build.version.release': 9
[debug] &amp#27;[35m[ADB]&amp#27;[39m Device API level: 28
&amp#27;[35m[UiAutomator2]&amp#27;[39m Relaxing hidden api policy
[debug] &amp#27;[35m[ADB]&amp#27;[39m Running 'C:\Users\akhil\AppData\Local\Android\Sdk\platform-tools\adb.exe -P 5037 -s emulator-5554 shell settings put global hidden_api_policy_pre_p_apps 1'
[debug] &amp#27;[35m[ADB]&amp#27;[39m Running 'C:\Users\akhil\AppData\Local\Android\Sdk\platform-tools\adb.exe -P 5037 -s emulator-5554 shell settings put global hidden_api_policy_p_apps 1'
[debug] &amp#27;[35m[ADB]&amp#27;[39m Running 'C:\Users\akhil\AppData\Local\Android\Sdk\platform-tools\adb.exe -P 5037 -s emulator-5554 shell settings put global hidden_api_policy 1'
[debug] &amp#27;[35m[AndroidDriver]&amp#27;[39m Parsing package and activity from app manifest
&amp#27;[35m[ADB]&amp#27;[39m Package name: 'com.androidsample.generalstore'
&amp#27;[35m[ADB]&amp#27;[39m Main activity name: 'com.androidsample.generalstore.SplashActivity'
[debug] &amp#27;[35m[AndroidDriver]&amp#27;[39m Parsed package and activity are: com.androidsample.generalstore/com.androidsample.generalstore.SplashActivity
[debug] &amp#27;[35m[ADB]&amp#27;[39m Running 'C:\Users\akhil\AppData\Local\Android\Sdk\platform-tools\adb.exe -P 5037 -s emulator-5554 wait-for-device'
[debug] &amp#27;[35m[ADB]&amp#27;[39m Running 'C:\Users\akhil\AppData\Local\Android\Sdk\platform-tools\adb.exe -P 5037 -s emulator-5554 shell echo ping'
[debug] &amp#27;[35m[AndroidDriver]&amp#27;[39m Pushing settings apk to device...
[debug] &amp#27;[35m[ADB]&amp#27;[39m Getting install status for io.appium.settings
[debug] &amp#27;[35m[ADB]&amp#27;[39m Running 'C:\Users\akhil\AppData\Local\Android\Sdk\platform-tools\adb.exe -P 5037 -s emulator-5554 shell dumpsys package io.appium.settings'
[debug] &amp#27;[35m[ADB]&amp#27;[39m 'io.appium.settings' is installed
[debug] &amp#27;[35m[ADB]&amp#27;[39m Getting package info for 'io.appium.settings'
[debug] &amp#27;[35m[ADB]&amp#27;[39m Running 'C:\Users\akhil\AppData\Local\Android\Sdk\platform-tools\adb.exe -P 5037 -s emulator-5554 shell dumpsys package io.appium.settings'
[debug] &amp#27;[35m[ADB]&amp#27;[39m The version name of the installed 'io.appium.settings' is greater or equal to the application version name ('3.1.0' >= '3.1.0')
[debug] &amp#27;[35m[ADB]&amp#27;[39m There is no need to install/upgrade 'C:\Users\akhil\AppData\Roaming\npm\node_modules\appium\node_modules\io.appium.settings\apks\settings_apk-debug.apk'
[debug] &amp#27;[35m[ADB]&amp#27;[39m Getting IDs of all 'io.appium.settings' processes
[debug] &amp#27;[35m[ADB]&amp#27;[39m Running 'C:\Users\akhil\AppData\Local\Android\Sdk\platform-tools\adb.exe -P 5037 -s emulator-5554 shell 'pgrep --help; echo $?''
[debug] &amp#27;[35m[ADB]&amp#27;[39m Running 'C:\Users\akhil\AppData\Local\Android\Sdk\platform-tools\adb.exe -P 5037 -s emulator-5554 shell pgrep -f io\\.appium\\.settings'
[debug] &amp#27;[35m[AndroidDriver]&amp#27;[39m io.appium.settings is already running. There is no need to reset its permissions.
[debug] &amp#27;[35m[ADB]&amp#27;[39m Running 'C:\Users\akhil\AppData\Local\Android\Sdk\platform-tools\adb.exe -P 5037 -s emulator-5554 shell appops set io.appium.settings android\:mock_location allow'
[debug] &amp#27;[35m[Logcat]&amp#27;[39m Starting logcat capture
[debug] &amp#27;[35m[UiAutomator2]&amp#27;[39m Forwarding UiAutomator2 Server port 6790 to 8221
[debug] &amp#27;[35m[ADB]&amp#27;[39m Forwarding system: 8221 to device: 6790
[debug] &amp#27;[35m[ADB]&amp#27;[39m Running 'C:\Users\akhil\AppData\Local\Android\Sdk\platform-tools\adb.exe -P 5037 -s emulator-5554 forward tcp\:8221 tcp\:6790'
[debug] &amp#27;[35m[ADB]&amp#27;[39m Getting install status for io.appium.uiautomator2.server
[debug] &amp#27;[35m[ADB]&amp#27;[39m Running 'C:\Users\akhil\AppData\Local\Android\Sdk\platform-tools\adb.exe -P 5037 -s emulator-5554 shell dumpsys package io.appium.uiautomator2.server'
[debug] &amp#27;[35m[ADB]&amp#27;[39m 'io.appium.uiautomator2.server' is installed
[debug] &amp#27;[35m[ADB]&amp#27;[39m Getting package info for 'io.appium.uiautomator2.server'
[debug] &amp#27;[35m[ADB]&amp#27;[39m Running 'C:\Users\akhil\AppData\Local\Android\Sdk\platform-tools\adb.exe -P 5037 -s emulator-5554 shell dumpsys package io.appium.uiautomator2.server'
[debug] &amp#27;[35m[ADB]&amp#27;[39m The version name of the installed 'io.appium.uiautomator2.server' is greater or equal to the application version name ('4.5.5' >= '4.5.5')
[debug] &amp#27;[35m[UiAutomator2]&amp#27;[39m io.appium.uiautomator2.server installation state: sameVersionInstalled
[debug] &amp#27;[35m[ADB]&amp#27;[39m Checking app cert for C:\Users\akhil\AppData\Roaming\npm\node_modules\appium\node_modules\appium-uiautomator2-server\apks\appium-uiautomator2-server-v4.5.5.apk
&amp#27;[35m[ADB]&amp#27;[39m Using 'apksigner.jar' from 'C:\Users\akhil\AppData\Local\Android\Sdk\build-tools\29.0.3\lib\apksigner.jar'
[debug] &amp#27;[35m[ADB]&amp#27;[39m Starting apksigner: 'C:\\Program Files\\Java\\jdk1.8.0_251\\bin\\java.exe' -Xmx1024M -Xss1m -jar C:\\Users\\akhil\\AppData\\Local\\Android\\Sdk\\build-tools\\29.0.3\\lib\\apksigner.jar verify --print-certs C:\\Users\\akhil\\AppData\\Roaming\\npm\\node_modules\\appium\\node_modules\\appium-uiautomator2-server\\apks\\appium-uiautomator2-server-v4.5.5.apk
[debug] &amp#27;[35m[ADB]&amp#27;[39m apksigner stdout: Signer #1 certificate DN: EMAILADDRESS=android@android.com, CN=Android, OU=Android, O=Android, L=Mountain View, ST=California, C=US
[debug] &amp#27;[35m[ADB]&amp#27;[39m Signer #1 certificate SHA-256 digest: a40da80a59d170caa950cf15c18c454d47a39b26989d8b640ecd745ba71bf5dc
[debug] &amp#27;[35m[ADB]&amp#27;[39m Signer #1 certificate SHA-1 digest: 61ed377e85d386a8dfee6b864bd85b0bfaa5af81
[debug] &amp#27;[35m[ADB]&amp#27;[39m Signer #1 certificate MD5 digest: e89b158e4bcf988ebd09eb83f5378e87
[debug] &amp#27;[35m[ADB]&amp#27;[39m 
[debug] &amp#27;[35m[ADB]&amp#27;[39m 'C:\Users\akhil\AppData\Roaming\npm\node_modules\appium\node_modules\appium-uiautomator2-server\apks\appium-uiautomator2-server-v4.5.5.apk' is signed with the default certificate
[debug] &amp#27;[35m[ADB]&amp#27;[39m Getting install status for io.appium.uiautomator2.server.test
[debug] &amp#27;[35m[ADB]&amp#27;[39m Running 'C:\Users\akhil\AppData\Local\Android\Sdk\platform-tools\adb.exe -P 5037 -s emulator-5554 shell dumpsys package io.appium.uiautomator2.server.test'
[debug] &amp#27;[35m[ADB]&amp#27;[39m 'io.appium.uiautomator2.server.test' is installed
[debug] &amp#27;[35m[ADB]&amp#27;[39m Checking app cert for C:\Users\akhil\AppData\Roaming\npm\node_modules\appium\node_modules\appium-uiautomator2-server\apks\appium-uiautomator2-server-debug-androidTest.apk
[debug] &amp#27;[35m[ADB]&amp#27;[39m Starting apksigner: 'C:\\Program Files\\Java\\jdk1.8.0_251\\bin\\java.exe' -Xmx1024M -Xss1m -jar C:\\Users\\akhil\\AppData\\Local\\Android\\Sdk\\build-tools\\29.0.3\\lib\\apksigner.jar verify --print-certs C:\\Users\\akhil\\AppData\\Roaming\\npm\\node_modules\\appium\\node_modules\\appium-uiautomator2-server\\apks\\appium-uiautomator2-server-debug-androidTest.apk
[debug] &amp#27;[35m[ADB]&amp#27;[39m apksigner stdout: Signer #1 certificate DN: EMAILADDRESS=android@android.com, CN=Android, OU=Android, O=Android, L=Mountain View, ST=California, C=US
[debug] &amp#27;[35m[ADB]&amp#27;[39m Signer #1 certificate SHA-256 digest: a40da80a59d170caa950cf15c18c454d47a39b26989d8b640ecd745ba71bf5dc
[debug] &amp#27;[35m[ADB]&amp#27;[39m Signer #1 certificate SHA-1 digest: 61ed377e85d386a8dfee6b864bd85b0bfaa5af81
[debug] &amp#27;[35m[ADB]&amp#27;[39m Signer #1 certificate MD5 digest: e89b158e4bcf988ebd09eb83f5378e87
[debug] &amp#27;[35m[ADB]&amp#27;[39m 
[debug] &amp#27;[35m[ADB]&amp#27;[39m 'C:\Users\akhil\AppData\Roaming\npm\node_modules\appium\node_modules\appium-uiautomator2-server\apks\appium-uiautomator2-server-debug-androidTest.apk' is signed with the default certificate
&amp#27;[35m[UiAutomator2]&amp#27;[39m Server packages are not going to be (re)installed
[debug] &amp#27;[35m[UiAutomator2]&amp#27;[39m Waiting up to 30000ms for services to be available
[debug] &amp#27;[35m[ADB]&amp#27;[39m Running 'C:\Users\akhil\AppData\Local\Android\Sdk\platform-tools\adb.exe -P 5037 -s emulator-5554 shell pm list instrumentation'
[debug] &amp#27;[35m[UiAutomator2]&amp#27;[39m Instrumentation target 'io.appium.uiautomator2.server.test/androidx.test.runner.AndroidJUnitRunner' is available
[debug] &amp#27;[35m[ADB]&amp#27;[39m Checking app cert for C:\Users\akhil\eclipse-workspace\AppiumFramework\src\General-Store.apk
[debug] &amp#27;[35m[ADB]&amp#27;[39m Starting apksigner: 'C:\\Program Files\\Java\\jdk1.8.0_251\\bin\\java.exe' -Xmx1024M -Xss1m -jar C:\\Users\\akhil\\AppData\\Local\\Android\\Sdk\\build-tools\\29.0.3\\lib\\apksigner.jar verify --print-certs C:\\Users\\akhil\\eclipse-workspace\\AppiumFramework\\src\\General-Store.apk
[debug] &amp#27;[35m[ADB]&amp#27;[39m apksigner stdout: Signer #1 certificate DN: EMAILADDRESS=android@android.com, CN=Android, OU=Android, O=Android, L=Mountain View, ST=California, C=US
[debug] &amp#27;[35m[ADB]&amp#27;[39m Signer #1 certificate SHA-256 digest: a40da80a59d170caa950cf15c18c454d47a39b26989d8b640ecd745ba71bf5dc
[debug] &amp#27;[35m[ADB]&amp#27;[39m Signer #1 certificate SHA-1 digest: 61ed377e85d386a8dfee6b864bd85b0bfaa5af81
[debug] &amp#27;[35m[ADB]&amp#27;[39m Signer #1 certificate MD5 digest: e89b158e4bcf988ebd09eb83f5378e87
[debug] &amp#27;[35m[ADB]&amp#27;[39m 
[debug] &amp#27;[35m[ADB]&amp#27;[39m 'C:\Users\akhil\eclipse-workspace\AppiumFramework\src\General-Store.apk' is signed with the default certificate
[debug] &amp#27;[35m[ADB]&amp#27;[39m Getting install status for com.androidsample.generalstore
[debug] &amp#27;[35m[ADB]&amp#27;[39m Running 'C:\Users\akhil\AppData\Local\Android\Sdk\platform-tools\adb.exe -P 5037 -s emulator-5554 shell dumpsys package com.androidsample.generalstore'
[debug] &amp#27;[35m[ADB]&amp#27;[39m 'com.androidsample.generalstore' is installed
[debug] &amp#27;[35m[ADB]&amp#27;[39m Getting package info for 'com.androidsample.generalstore'
[debug] &amp#27;[35m[ADB]&amp#27;[39m Running 'C:\Users\akhil\AppData\Local\Android\Sdk\platform-tools\adb.exe -P 5037 -s emulator-5554 shell dumpsys package com.androidsample.generalstore'
[debug] &amp#27;[35m[ADB]&amp#27;[39m The version name of the installed 'com.androidsample.generalstore' is greater or equal to the application version name ('1.0.0' >= '1.0.0')
[debug] &amp#27;[35m[ADB]&amp#27;[39m There is no need to install/upgrade 'C:\Users\akhil\eclipse-workspace\AppiumFramework\src\General-Store.apk'
&amp#27;[35m[AndroidDriver]&amp#27;[39m Performing fast reset on 'com.androidsample.generalstore'
[debug] &amp#27;[35m[ADB]&amp#27;[39m Getting install status for com.androidsample.generalstore
[debug] &amp#27;[35m[ADB]&amp#27;[39m Running 'C:\Users\akhil\AppData\Local\Android\Sdk\platform-tools\adb.exe -P 5037 -s emulator-5554 shell dumpsys package com.androidsample.generalstore'
[debug] &amp#27;[35m[ADB]&amp#27;[39m 'com.androidsample.generalstore' is installed
[debug] &amp#27;[35m[ADB]&amp#27;[39m Running 'C:\Users\akhil\AppData\Local\Android\Sdk\platform-tools\adb.exe -P 5037 -s emulator-5554 shell am force-stop com.androidsample.generalstore'
[debug] &amp#27;[35m[ADB]&amp#27;[39m Running 'C:\Users\akhil\AppData\Local\Android\Sdk\platform-tools\adb.exe -P 5037 -s emulator-5554 shell pm clear com.androidsample.generalstore'
[debug] &amp#27;[35m[AndroidDriver]&amp#27;[39m Performed fast reset on the installed 'com.androidsample.generalstore' application (stop and clear)
[debug] &amp#27;[35m[UiAutomator2]&amp#27;[39m Performing shallow cleanup of automation leftovers
[debug] &amp#27;[35m[UiAutomator2]&amp#27;[39m No obsolete sessions have been detected (Error: socket hang up)
[debug] &amp#27;[35m[ADB]&amp#27;[39m Running 'C:\Users\akhil\AppData\Local\Android\Sdk\platform-tools\adb.exe -P 5037 -s emulator-5554 shell am force-stop io.appium.uiautomator2.server.test'
&amp#27;[35m[UiAutomator2]&amp#27;[39m Starting UIAutomator2 server 4.5.5
&amp#27;[35m[UiAutomator2]&amp#27;[39m Using UIAutomator2 server from 'C:\Users\akhil\AppData\Roaming\npm\node_modules\appium\node_modules\appium-uiautomator2-server\apks\appium-uiautomator2-server-v4.5.5.apk' and test from 'C:\Users\akhil\AppData\Roaming\npm\node_modules\appium\node_modules\appium-uiautomator2-server\apks\appium-uiautomator2-server-debug-androidTest.apk'
&amp#27;[35m[UiAutomator2]&amp#27;[39m Waiting up to 30000ms for UiAutomator2 to be online...
[debug] &amp#27;[35m[ADB]&amp#27;[39m Creating ADB subprocess with args: ["-P",5037,"-s","emulator-5554","shell","am","instrument","-w","io.appium.uiautomator2.server.test/androidx.test.runner.AndroidJUnitRunner"]
[debug] &amp#27;[35m[WD Proxy]&amp#27;[39m Matched '/status' to command name 'getStatus'
[debug] &amp#27;[35m[WD Proxy]&amp#27;[39m Proxying [GET /status] to [GET http://127.0.0.1:8221/wd/hub/status] with no body
&amp#27;[35m[WD Proxy]&amp#27;[39m Got response with unknown status: {"code":"ECONNRESET"}
[debug] &amp#27;[35m[Instrumentation]&amp#27;[39m io.appium.uiautomator2.server.test.AppiumUiAutomator2Server:
[debug] &amp#27;[35m[WD Proxy]&amp#27;[39m Matched '/status' to command name 'getStatus'
[debug] &amp#27;[35m[WD Proxy]&amp#27;[39m Proxying [GET /status] to [GET http://127.0.0.1:8221/wd/hub/status] with no body
&amp#27;[35m[WD Proxy]&amp#27;[39m Got response with unknown status: {"code":"ECONNRESET"}
[debug] &amp#27;[35m[WD Proxy]&amp#27;[39m Matched '/status' to command name 'getStatus'
[debug] &amp#27;[35m[WD Proxy]&amp#27;[39m Proxying [GET /status] to [GET http://127.0.0.1:8221/wd/hub/status] with no body
[debug] &amp#27;[35m[WD Proxy]&amp#27;[39m Got response with status 200: {"sessionId":"None","value":{"ready":true,"message":"UiAutomator2 Server is ready to accept commands"}}
[debug] &amp#27;[35m[UiAutomator2]&amp#27;[39m The initialization of the instrumentation process took 3114ms
[debug] &amp#27;[35m[WD Proxy]&amp#27;[39m Matched '/session' to command name 'createSession'
[debug] &amp#27;[35m[WD Proxy]&amp#27;[39m Proxying [POST /session] to [POST http://127.0.0.1:8221/wd/hub/session] with body: {"capabilities":{"firstMatch":[{"platform":"LINUX","webStorageEnabled":false,"takesScreenshot":true,"javascriptEnabled":true,"databaseEnabled":false,"networkConnectionEnabled":true,"locationContextEnabled":false,"warnings":{},"desired":{"platformName":"android","version":"9.0","app":"C:\\Users\\akhil\\eclipse-workspace\\AppiumFramework\\src\\General-Store.apk","automationName":"Uiautomator2","deviceName":"APTicksEmulator","newCommandTimeout":14},"platformName":"android","version":"9.0","app":"C:\\Users\\akhil\\eclipse-workspace\\AppiumFramework\\src\\General-Store.apk","automationName":"Uiautomator2","deviceName":"emulator-5554","newCommandTimeout":14,"deviceUDID":"emulator-5554","appPackage":"com.androidsample.generalstore"}],"alwaysMatch":{}}}
[debug] &amp#27;[35m[WD Proxy]&amp#27;[39m Got response with status 200: {"sessionId":"9dc84e74-2cc3-4bba-b969-72890442ea30","value":{"sessionId":"9dc84e74-2cc3-4bba-b969-72890442ea30","capabilities":{"firstMatch":[{"platform":"LINUX","webStorageEnabled":false,"takesScreenshot":true,"javascriptEnabled":true,"databaseEnabled":false,"networkConnectionEnabled":true,"locationContextEnabled":false,"warnings":{},"desired":{"platformName":"android","version":"9.0","app":"C:\\Users\\akhil\\eclipse-workspace\\AppiumFramework\\src\\General-Store.apk","automationName":"Uiautomator2","deviceName":"APTicksEmulator","newCommandTimeout":14},"platformName":"android","version":"9.0","app":"C:\\Users\\akhil\\eclipse-workspace\\AppiumFramework\\src\\General-Store.apk","automationName":"Uiautomator2","deviceName":"emulator-5554","newCommandTimeout":14,"deviceUDID":"emulator-5554","appPackage":"com.androidsample.generalstore"}],"alwaysMatch":{}}}}
&amp#27;[35m[WD Proxy]&amp#27;[39m Determined the downstream protocol as 'W3C'
[debug] &amp#27;[35m[WD Proxy]&amp#27;[39m Proxying [GET /appium/device/info] to [GET http://127.0.0.1:8221/wd/hub/session/9dc84e74-2cc3-4bba-b969-72890442ea30/appium/device/info] with no body
[debug] &amp#27;[35m[WD Proxy]&amp#27;[39m Got response with status 200: {"sessionId":"9dc84e74-2cc3-4bba-b969-72890442ea30","value":{"androidId":"b221dce19501e78c","manufacturer":"Google","model":"AOSP on IA Emulator","brand":"google","apiVersion":"28","platformVersion":"9","carrierName":"Android","realDisplaySize":"1080x1920","displayDensity":420,"networks":[{"type":1,"typeName":"WIFI","subtype":0,"subtypeName":"","isConnected":true,"detailedState":"CONNECTED","state":"CONNECTED","extraInfo":null,"isAvailable":true,"isFailover":false,"isRoaming":false,"capabilities":{"transportTypes":"TRANSPORT_WIFI","networkCapabilities":"NET_CAPABILITY_NOT_METERED,NET_CAPABILITY_INTERNET,NET_CAPABILITY_NOT_RESTRICTED,NET_CAPABILITY_TRUSTED,NET_CAPABILITY_NOT_VPN,NET_CAPABILITY_VALIDATED,NET_CAPABILITY_NOT_ROAMING,NET_CAPABILITY_FOREGROUND,NET_CAPABILITY_NOT_CONGESTED,NET_CAPABILITY_NOT_SUSPENDED","linkUpstreamBandwidthKbps":1048576,"linkDownBandwidthKbps":1048576,"signalStrength":-50,"networkSpecifier":null,"SSID":null}},{"type":0,"typeName":"MOBILE","subtype":13,"subtypeName":"LTE","isConn...
[debug] &amp#27;[35m[ADB]&amp#27;[39m Running 'C:\Users\akhil\AppData\Local\Android\Sdk\platform-tools\adb.exe -P 5037 -s emulator-5554 shell dumpsys window'
&amp#27;[35m[AndroidDriver]&amp#27;[39m Screen already unlocked, doing nothing
&amp#27;[35m[UiAutomator2]&amp#27;[39m Starting 'com.androidsample.generalstore/com.androidsample.generalstore.SplashActivity and waiting for 'com.androidsample.generalstore/com.androidsample.generalstore.SplashActivity'
[debug] &amp#27;[35m[ADB]&amp#27;[39m Running 'C:\Users\akhil\AppData\Local\Android\Sdk\platform-tools\adb.exe -P 5037 -s emulator-5554 shell am start -W -n com.androidsample.generalstore/com.androidsample.generalstore.SplashActivity -S -a android.intent.action.MAIN -c android.intent.category.LAUNCHER -f 0x10200000'
[debug] &amp#27;[35m[ADB]&amp#27;[39m Waiting up to 20000ms for activity matching pkg: 'com.androidsample.generalstore' and activity: 'com.androidsample.generalstore.SplashActivity' to be focused
[debug] &amp#27;[35m[ADB]&amp#27;[39m Possible activities, to be checked: 'com.androidsample.generalstore.SplashActivity', 'com.androidsample.generalstore.com.androidsample.generalstore.SplashActivity'
[debug] &amp#27;[35m[ADB]&amp#27;[39m Getting focused package and activity
[debug] &amp#27;[35m[ADB]&amp#27;[39m Running 'C:\Users\akhil\AppData\Local\Android\Sdk\platform-tools\adb.exe -P 5037 -s emulator-5554 shell dumpsys window windows'
[debug] &amp#27;[35m[ADB]&amp#27;[39m Found package: 'com.androidsample.generalstore' and fully qualified activity name : 'com.androidsample.generalstore.SplashActivity'
[debug] &amp#27;[35m[WD Proxy]&amp#27;[39m Proxying [GET /appium/device/pixel_ratio] to [GET http://127.0.0.1:8221/wd/hub/session/9dc84e74-2cc3-4bba-b969-72890442ea30/appium/device/pixel_ratio] with body: {}
[debug] &amp#27;[35m[WD Proxy]&amp#27;[39m Got response with status 200: {"sessionId":"9dc84e74-2cc3-4bba-b969-72890442ea30","value":2.625}
[debug] &amp#27;[35m[WD Proxy]&amp#27;[39m Matched '/appium/device/system_bars' to command name 'getSystemBars'
[debug] &amp#27;[35m[WD Proxy]&amp#27;[39m Proxying [GET /appium/device/system_bars] to [GET http://127.0.0.1:8221/wd/hub/session/9dc84e74-2cc3-4bba-b969-72890442ea30/appium/device/system_bars] with body: {}
[debug] &amp#27;[35m[WD Proxy]&amp#27;[39m Got response with status 200: {"sessionId":"9dc84e74-2cc3-4bba-b969-72890442ea30","value":{"statusBar":63}}
[debug] &amp#27;[35m[WD Proxy]&amp#27;[39m Matched '/window/current/size' to command name 'getWindowSize'
[debug] &amp#27;[35m[WD Proxy]&amp#27;[39m Proxying [GET /window/current/size] to [GET http://127.0.0.1:8221/wd/hub/session/9dc84e74-2cc3-4bba-b969-72890442ea30/window/current/size] with body: {}
[debug] &amp#27;[35m[WD Proxy]&amp#27;[39m Got response with status 200: {"sessionId":"9dc84e74-2cc3-4bba-b969-72890442ea30","value":{"height":1794,"width":1080}}
&amp#27;[35m[Appium]&amp#27;[39m New AndroidUiautomator2Driver session created successfully, session a225c595-7f1d-4969-9777-d66d072ae31a added to master session list
[debug] &amp#27;[35m[BaseDriver]&amp#27;[39m Event 'newSessionStarted' logged at 1596152967609 (19:49:27 GMT-0400 (Eastern Daylight Time))
[debug] &amp#27;[35m[W3C (a225c595)]&amp#27;[39m Cached the protocol value 'W3C' for the new session a225c595-7f1d-4969-9777-d66d072ae31a
[debug] &amp#27;[35m[W3C (a225c595)]&amp#27;[39m Responding to client with driver.createSession() result: {"capabilities":{"platform":"LINUX","webStorageEnabled":false,"takesScreenshot":true,"javascriptEnabled":true,"databaseEnabled":false,"networkConnectionEnabled":true,"locationContextEnabled":false,"warnings":{},"desired":{"platformName":"android","version":"9.0","app":"C:\\Users\\akhil\\eclipse-workspace\\AppiumFramework\\src\\General-Store.apk","automationName":"Uiautomator2","deviceName":"APTicksEmulator","newCommandTimeout":14},"platformName":"android","version":"9.0","app":"C:\\Users\\akhil\\eclipse-workspace\\AppiumFramework\\src\\General-Store.apk","automationName":"Uiautomator2","deviceName":"emulator-5554","newCommandTimeout":14,"deviceUDID":"emulator-5554","appPackage":"com.androidsample.generalstore","deviceApiLevel":28,"platformVersion":"9","deviceScreenSize":"1080x1920","deviceScreenDensity":420,"deviceModel":"AOSP on IA Emulator","deviceManufacturer":"Google","pixelRatio":2.625,"statBarHeight":63,"viewportRect":{"left":0,"top":63,"width":1080,"height":1731}}}
&amp#27;[35m[HTTP]&amp#27;[39m &amp#27;[37m<-- POST /wd/hub/session &amp#27;[39m&amp#27;[32m200&amp#27;[39m &amp#27;[90m11115 ms - 1047&amp#27;[39m
&amp#27;[35m[HTTP]&amp#27;[39m &amp#27;[90m&amp#27;[39m
&amp#27;[35m[HTTP]&amp#27;[39m &amp#27;[37m-->&amp#27;[39m &amp#27;[37mGET&amp#27;[39m &amp#27;[37m/wd/hub/session/a225c595-7f1d-4969-9777-d66d072ae31a&amp#27;[39m
&amp#27;[35m[HTTP]&amp#27;[39m &amp#27;[90m{}&amp#27;[39m
[debug] &amp#27;[35m[W3C (a225c595)]&amp#27;[39m Calling AppiumDriver.getSession() with args: ["a225c595-7f1d-4969-9777-d66d072ae31a"]
[debug] &amp#27;[35m[UiAutomator2]&amp#27;[39m Getting session details from server to mix in
[debug] &amp#27;[35m[WD Proxy]&amp#27;[39m Matched '/' to command name 'getSession'
[debug] &amp#27;[35m[WD Proxy]&amp#27;[39m Proxying [GET /] to [GET http://127.0.0.1:8221/wd/hub/session/9dc84e74-2cc3-4bba-b969-72890442ea30] with body: {}
[debug] &amp#27;[35m[WD Proxy]&amp#27;[39m Got response with status 200: {"sessionId":"9dc84e74-2cc3-4bba-b969-72890442ea30","value":{}}
[debug] &amp#27;[35m[W3C (a225c595)]&amp#27;[39m Responding to client with driver.getSession() result: {"platform":"LINUX","webStorageEnabled":false,"takesScreenshot":true,"javascriptEnabled":true,"databaseEnabled":false,"networkConnectionEnabled":true,"locationContextEnabled":false,"warnings":{},"desired":{"platformName":"android","version":"9.0","app":"C:\\Users\\akhil\\eclipse-workspace\\AppiumFramework\\src\\General-Store.apk","automationName":"Uiautomator2","deviceName":"APTicksEmulator","newCommandTimeout":14},"platformName":"android","version":"9.0","app":"C:\\Users\\akhil\\eclipse-workspace\\AppiumFramework\\src\\General-Store.apk","automationName":"Uiautomator2","deviceName":"emulator-5554","newCommandTimeout":14,"deviceUDID":"emulator-5554","appPackage":"com.androidsample.generalstore","deviceApiLevel":28,"platformVersion":"9","deviceScreenSize":"1080x1920","deviceScreenDensity":420,"deviceModel":"AOSP on IA Emulator","deviceManufacturer":"Google","pixelRatio":2.625,"statBarHeight":63,"viewportRect":{"left":0,"top":63,"width":1080,"height":1731}}
&amp#27;[35m[HTTP]&amp#27;[39m &amp#27;[37m<-- GET /wd/hub/session/a225c595-7f1d-4969-9777-d66d072ae31a &amp#27;[39m&amp#27;[32m200&amp#27;[39m &amp#27;[90m28 ms - 979&amp#27;[39m
&amp#27;[35m[HTTP]&amp#27;[39m &amp#27;[90m&amp#27;[39m
&amp#27;[35m[HTTP]&amp#27;[39m &amp#27;[37m-->&amp#27;[39m &amp#27;[37mGET&amp#27;[39m &amp#27;[37m/wd/hub/session/a225c595-7f1d-4969-9777-d66d072ae31a&amp#27;[39m
&amp#27;[35m[HTTP]&amp#27;[39m &amp#27;[90m{}&amp#27;[39m
[debug] &amp#27;[35m[W3C (a225c595)]&amp#27;[39m Calling AppiumDriver.getSession() with args: ["a225c595-7f1d-4969-9777-d66d072ae31a"]
[debug] &amp#27;[35m[UiAutomator2]&amp#27;[39m Getting session details from server to mix in
[debug] &amp#27;[35m[WD Proxy]&amp#27;[39m Matched '/' to command name 'getSession'
[debug] &amp#27;[35m[WD Proxy]&amp#27;[39m Proxying [GET /] to [GET http://127.0.0.1:8221/wd/hub/session/9dc84e74-2cc3-4bba-b969-72890442ea30] with body: {}
[debug] &amp#27;[35m[WD Proxy]&amp#27;[39m Got response with status 200: {"sessionId":"9dc84e74-2cc3-4bba-b969-72890442ea30","value":{}}
[debug] &amp#27;[35m[W3C (a225c595)]&amp#27;[39m Responding to client with driver.getSession() result: {"platform":"LINUX","webStorageEnabled":false,"takesScreenshot":true,"javascriptEnabled":true,"databaseEnabled":false,"networkConnectionEnabled":true,"locationContextEnabled":false,"warnings":{},"desired":{"platformName":"android","version":"9.0","app":"C:\\Users\\akhil\\eclipse-workspace\\AppiumFramework\\src\\General-Store.apk","automationName":"Uiautomator2","deviceName":"APTicksEmulator","newCommandTimeout":14},"platformName":"android","version":"9.0","app":"C:\\Users\\akhil\\eclipse-workspace\\AppiumFramework\\src\\General-Store.apk","automationName":"Uiautomator2","deviceName":"emulator-5554","newCommandTimeout":14,"deviceUDID":"emulator-5554","appPackage":"com.androidsample.generalstore","deviceApiLevel":28,"platformVersion":"9","deviceScreenSize":"1080x1920","deviceScreenDensity":420,"deviceModel":"AOSP on IA Emulator","deviceManufacturer":"Google","pixelRatio":2.625,"statBarHeight":63,"viewportRect":{"left":0,"top":63,"width":1080,"height":1731}}
&amp#27;[35m[HTTP]&amp#27;[39m &amp#27;[37m<-- GET /wd/hub/session/a225c595-7f1d-4969-9777-d66d072ae31a &amp#27;[39m&amp#27;[32m200&amp#27;[39m &amp#27;[90m29 ms - 979&amp#27;[39m
&amp#27;[35m[HTTP]&amp#27;[39m &amp#27;[90m&amp#27;[39m
&amp#27;[35m[HTTP]&amp#27;[39m &amp#27;[37m-->&amp#27;[39m &amp#27;[37mPOST&amp#27;[39m &amp#27;[37m/wd/hub/session/a225c595-7f1d-4969-9777-d66d072ae31a/timeouts&amp#27;[39m
&amp#27;[35m[HTTP]&amp#27;[39m &amp#27;[90m{"implicit":10000}&amp#27;[39m
[debug] &amp#27;[35m[W3C (a225c595)]&amp#27;[39m Calling AppiumDriver.timeouts() with args: [null,null,null,null,10000,"a225c595-7f1d-4969-9777-d66d072ae31a"]
[debug] &amp#27;[35m[BaseDriver]&amp#27;[39m W3C timeout argument: {"implicit":10000}}
[debug] &amp#27;[35m[BaseDriver]&amp#27;[39m Set implicit wait to 10000ms
[debug] &amp#27;[35m[W3C (a225c595)]&amp#27;[39m Responding to client with driver.timeouts() result: null
&amp#27;[35m[HTTP]&amp#27;[39m &amp#27;[37m<-- POST /wd/hub/session/a225c595-7f1d-4969-9777-d66d072ae31a/timeouts &amp#27;[39m&amp#27;[32m200&amp#27;[39m &amp#27;[90m12 ms - 14&amp#27;[39m
&amp#27;[35m[HTTP]&amp#27;[39m &amp#27;[90m&amp#27;[39m
&amp#27;[35m[HTTP]&amp#27;[39m &amp#27;[37m-->&amp#27;[39m &amp#27;[37mPOST&amp#27;[39m &amp#27;[37m/wd/hub/session/a225c595-7f1d-4969-9777-d66d072ae31a/timeouts&amp#27;[39m
&amp#27;[35m[HTTP]&amp#27;[39m &amp#27;[90m{"implicit":10000}&amp#27;[39m
[debug] &amp#27;[35m[W3C (a225c595)]&amp#27;[39m Calling AppiumDriver.timeouts() with args: [null,null,null,null,10000,"a225c595-7f1d-4969-9777-d66d072ae31a"]
[debug] &amp#27;[35m[BaseDriver]&amp#27;[39m W3C timeout argument: {"implicit":10000}}
[debug] &amp#27;[35m[BaseDriver]&amp#27;[39m Set implicit wait to 10000ms
[debug] &amp#27;[35m[W3C (a225c595)]&amp#27;[39m Responding to client with driver.timeouts() result: null
&amp#27;[35m[HTTP]&amp#27;[39m &amp#27;[37m<-- POST /wd/hub/session/a225c595-7f1d-4969-9777-d66d072ae31a/timeouts &amp#27;[39m&amp#27;[32m200&amp#27;[39m &amp#27;[90m3 ms - 14&amp#27;[39m
&amp#27;[35m[HTTP]&amp#27;[39m &amp#27;[90m&amp#27;[39m
&amp#27;[35m[HTTP]&amp#27;[39m &amp#27;[37m-->&amp#27;[39m &amp#27;[37mGET&amp#27;[39m &amp#27;[37m/wd/hub/session/a225c595-7f1d-4969-9777-d66d072ae31a&amp#27;[39m
&amp#27;[35m[HTTP]&amp#27;[39m &amp#27;[90m{}&amp#27;[39m
[debug] &amp#27;[35m[W3C (a225c595)]&amp#27;[39m Calling AppiumDriver.getSession() with args: ["a225c595-7f1d-4969-9777-d66d072ae31a"]
[debug] &amp#27;[35m[UiAutomator2]&amp#27;[39m Getting session details from server to mix in
[debug] &amp#27;[35m[WD Proxy]&amp#27;[39m Matched '/' to command name 'getSession'
[debug] &amp#27;[35m[WD Proxy]&amp#27;[39m Proxying [GET /] to [GET http://127.0.0.1:8221/wd/hub/session/9dc84e74-2cc3-4bba-b969-72890442ea30] with body: {}
[debug] &amp#27;[35m[WD Proxy]&amp#27;[39m Got response with status 200: {"sessionId":"9dc84e74-2cc3-4bba-b969-72890442ea30","value":{}}
[debug] &amp#27;[35m[W3C (a225c595)]&amp#27;[39m Responding to client with driver.getSession() result: {"platform":"LINUX","webStorageEnabled":false,"takesScreenshot":true,"javascriptEnabled":true,"databaseEnabled":false,"networkConnectionEnabled":true,"locationContextEnabled":false,"warnings":{},"desired":{"platformName":"android","version":"9.0","app":"C:\\Users\\akhil\\eclipse-workspace\\AppiumFramework\\src\\General-Store.apk","automationName":"Uiautomator2","deviceName":"APTicksEmulator","newCommandTimeout":14},"platformName":"android","version":"9.0","app":"C:\\Users\\akhil\\eclipse-workspace\\AppiumFramework\\src\\General-Store.apk","automationName":"Uiautomator2","deviceName":"emulator-5554","newCommandTimeout":14,"deviceUDID":"emulator-5554","appPackage":"com.androidsample.generalstore","deviceApiLevel":28,"platformVersion":"9","deviceScreenSize":"1080x1920","deviceScreenDensity":420,"deviceModel":"AOSP on IA Emulator","deviceManufacturer":"Google","pixelRatio":2.625,"statBarHeight":63,"viewportRect":{"left":0,"top":63,"width":1080,"height":1731}}
&amp#27;[35m[HTTP]&amp#27;[39m &amp#27;[37m<-- GET /wd/hub/session/a225c595-7f1d-4969-9777-d66d072ae31a &amp#27;[39m&amp#27;[32m200&amp#27;[39m &amp#27;[90m25 ms - 979&amp#27;[39m
&amp#27;[35m[HTTP]&amp#27;[39m &amp#27;[90m&amp#27;[39m
&amp#27;[35m[HTTP]&amp#27;[39m &amp#27;[37m-->&amp#27;[39m &amp#27;[37mGET&amp#27;[39m &amp#27;[37m/wd/hub/session/a225c595-7f1d-4969-9777-d66d072ae31a&amp#27;[39m
&amp#27;[35m[HTTP]&amp#27;[39m &amp#27;[90m{}&amp#27;[39m
[debug] &amp#27;[35m[W3C (a225c595)]&amp#27;[39m Calling AppiumDriver.getSession() with args: ["a225c595-7f1d-4969-9777-d66d072ae31a"]
[debug] &amp#27;[35m[UiAutomator2]&amp#27;[39m Getting session details from server to mix in
[debug] &amp#27;[35m[WD Proxy]&amp#27;[39m Matched '/' to command name 'getSession'
[debug] &amp#27;[35m[WD Proxy]&amp#27;[39m Proxying [GET /] to [GET http://127.0.0.1:8221/wd/hub/session/9dc84e74-2cc3-4bba-b969-72890442ea30] with body: {}
[debug] &amp#27;[35m[WD Proxy]&amp#27;[39m Got response with status 200: {"sessionId":"9dc84e74-2cc3-4bba-b969-72890442ea30","value":{}}
[debug] &amp#27;[35m[W3C (a225c595)]&amp#27;[39m Responding to client with driver.getSession() result: {"platform":"LINUX","webStorageEnabled":false,"takesScreenshot":true,"javascriptEnabled":true,"databaseEnabled":false,"networkConnectionEnabled":true,"locationContextEnabled":false,"warnings":{},"desired":{"platformName":"android","version":"9.0","app":"C:\\Users\\akhil\\eclipse-workspace\\AppiumFramework\\src\\General-Store.apk","automationName":"Uiautomator2","deviceName":"APTicksEmulator","newCommandTimeout":14},"platformName":"android","version":"9.0","app":"C:\\Users\\akhil\\eclipse-workspace\\AppiumFramework\\src\\General-Store.apk","automationName":"Uiautomator2","deviceName":"emulator-5554","newCommandTimeout":14,"deviceUDID":"emulator-5554","appPackage":"com.androidsample.generalstore","deviceApiLevel":28,"platformVersion":"9","deviceScreenSize":"1080x1920","deviceScreenDensity":420,"deviceModel":"AOSP on IA Emulator","deviceManufacturer":"Google","pixelRatio":2.625,"statBarHeight":63,"viewportRect":{"left":0,"top":63,"width":1080,"height":1731}}
&amp#27;[35m[HTTP]&amp#27;[39m &amp#27;[37m<-- GET /wd/hub/session/a225c595-7f1d-4969-9777-d66d072ae31a &amp#27;[39m&amp#27;[32m200&amp#27;[39m &amp#27;[90m28 ms - 979&amp#27;[39m
&amp#27;[35m[HTTP]&amp#27;[39m &amp#27;[90m&amp#27;[39m
&amp#27;[35m[HTTP]&amp#27;[39m &amp#27;[37m-->&amp#27;[39m &amp#27;[37mGET&amp#27;[39m &amp#27;[37m/wd/hub/session/a225c595-7f1d-4969-9777-d66d072ae31a&amp#27;[39m
&amp#27;[35m[HTTP]&amp#27;[39m &amp#27;[90m{}&amp#27;[39m
[debug] &amp#27;[35m[W3C (a225c595)]&amp#27;[39m Calling AppiumDriver.getSession() with args: ["a225c595-7f1d-4969-9777-d66d072ae31a"]
[debug] &amp#27;[35m[UiAutomator2]&amp#27;[39m Getting session details from server to mix in
[debug] &amp#27;[35m[WD Proxy]&amp#27;[39m Matched '/' to command name 'getSession'
[debug] &amp#27;[35m[WD Proxy]&amp#27;[39m Proxying [GET /] to [GET http://127.0.0.1:8221/wd/hub/session/9dc84e74-2cc3-4bba-b969-72890442ea30] with body: {}
[debug] &amp#27;[35m[WD Proxy]&amp#27;[39m Got response with status 200: {"sessionId":"9dc84e74-2cc3-4bba-b969-72890442ea30","value":{}}
[debug] &amp#27;[35m[W3C (a225c595)]&amp#27;[39m Responding to client with driver.getSession() result: {"platform":"LINUX","webStorageEnabled":false,"takesScreenshot":true,"javascriptEnabled":true,"databaseEnabled":false,"networkConnectionEnabled":true,"locationContextEnabled":false,"warnings":{},"desired":{"platformName":"android","version":"9.0","app":"C:\\Users\\akhil\\eclipse-workspace\\AppiumFramework\\src\\General-Store.apk","automationName":"Uiautomator2","deviceName":"APTicksEmulator","newCommandTimeout":14},"platformName":"android","version":"9.0","app":"C:\\Users\\akhil\\eclipse-workspace\\AppiumFramework\\src\\General-Store.apk","automationName":"Uiautomator2","deviceName":"emulator-5554","newCommandTimeout":14,"deviceUDID":"emulator-5554","appPackage":"com.androidsample.generalstore","deviceApiLevel":28,"platformVersion":"9","deviceScreenSize":"1080x1920","deviceScreenDensity":420,"deviceModel":"AOSP on IA Emulator","deviceManufacturer":"Google","pixelRatio":2.625,"statBarHeight":63,"viewportRect":{"left":0,"top":63,"width":1080,"height":1731}}
&amp#27;[35m[HTTP]&amp#27;[39m &amp#27;[37m<-- GET /wd/hub/session/a225c595-7f1d-4969-9777-d66d072ae31a &amp#27;[39m&amp#27;[32m200&amp#27;[39m &amp#27;[90m20 ms - 979&amp#27;[39m
&amp#27;[35m[HTTP]&amp#27;[39m &amp#27;[90m&amp#27;[39m
&amp#27;[35m[HTTP]&amp#27;[39m &amp#27;[37m-->&amp#27;[39m &amp#27;[37mPOST&amp#27;[39m &amp#27;[37m/wd/hub/session/a225c595-7f1d-4969-9777-d66d072ae31a/element&amp#27;[39m
&amp#27;[35m[HTTP]&amp#27;[39m &amp#27;[90m{"using":"id","value":"com.androidsample.generalstore:id/nameField"}&amp#27;[39m
[debug] &amp#27;[35m[W3C (a225c595)]&amp#27;[39m Calling AppiumDriver.findElement() with args: ["id","com.androidsample.generalstore:id/nameField","a225c595-7f1d-4969-9777-d66d072ae31a"]
[debug] &amp#27;[35m[BaseDriver]&amp#27;[39m Valid locator strategies for this request: xpath, id, class name, accessibility id, -android uiautomator
[debug] &amp#27;[35m[BaseDriver]&amp#27;[39m Waiting up to 10000 ms for condition
[debug] &amp#27;[35m[WD Proxy]&amp#27;[39m Matched '/element' to command name 'findElement'
[debug] &amp#27;[35m[WD Proxy]&amp#27;[39m Proxying [POST /element] to [POST http://127.0.0.1:8221/wd/hub/session/9dc84e74-2cc3-4bba-b969-72890442ea30/element] with body: {"strategy":"id","selector":"com.androidsample.generalstore:id/nameField","context":"","multiple":false}
&amp#27;[35m[WD Proxy]&amp#27;[39m Got response with status 404: {"sessionId":"9dc84e74-2cc3-4bba-b969-72890442ea30","value":{"error":"no such element","message":"An element could not be located on the page using the given search parameters","stacktrace":"io.appium.uiautomator2.common.exceptions.ElementNotFoundException: An element could not be located on the page using the given search parameters\n\tat io.appium.uiautomator2.handler.FindElement.safeHandle(FindElement.java:78)\n\tat io.appium.uiautomator2.handler.request.SafeRequestHandler.handle(SafeRequestHandler.java:38)\n\tat io.appium.uiautomator2.server.AppiumServlet.handleRequest(AppiumServlet.java:252)\n\tat io.appium.uiautomator2.server.AppiumServlet.handleHttpRequest(AppiumServlet.java:242)\n\tat io.appium.uiautomator2.http.ServerHandler.channelRead(ServerHandler.java:51)\n\tat io.netty.channel.AbstractChannelHandlerContext.invokeChannelRead(AbstractChannelHandlerContext.java:366)\n\tat io.netty.channel.AbstractChannelHandlerContext.invokeChannelRead(AbstractChannelHandlerContext.java:352)\n\tat io.netty.chann...
[debug] &amp#27;[35m[W3C]&amp#27;[39m Matched W3C error code 'no such element' to NoSuchElementError
[debug] &amp#27;[35m[BaseDriver]&amp#27;[39m Waited for 179 ms so far
[debug] &amp#27;[35m[WD Proxy]&amp#27;[39m Matched '/element' to command name 'findElement'
[debug] &amp#27;[35m[WD Proxy]&amp#27;[39m Proxying [POST /element] to [POST http://127.0.0.1:8221/wd/hub/session/9dc84e74-2cc3-4bba-b969-72890442ea30/element] with body: {"strategy":"id","selector":"com.androidsample.generalstore:id/nameField","context":"","multiple":false}
&amp#27;[35m[WD Proxy]&amp#27;[39m Got response with status 404: {"sessionId":"9dc84e74-2cc3-4bba-b969-72890442ea30","value":{"error":"no such element","message":"An element could not be located on the page using the given search parameters","stacktrace":"io.appium.uiautomator2.common.exceptions.ElementNotFoundException: An element could not be located on the page using the given search parameters\n\tat io.appium.uiautomator2.handler.FindElement.safeHandle(FindElement.java:78)\n\tat io.appium.uiautomator2.handler.request.SafeRequestHandler.handle(SafeRequestHandler.java:38)\n\tat io.appium.uiautomator2.server.AppiumServlet.handleRequest(AppiumServlet.java:252)\n\tat io.appium.uiautomator2.server.AppiumServlet.handleHttpRequest(AppiumServlet.java:242)\n\tat io.appium.uiautomator2.http.ServerHandler.channelRead(ServerHandler.java:51)\n\tat io.netty.channel.AbstractChannelHandlerContext.invokeChannelRead(AbstractChannelHandlerContext.java:366)\n\tat io.netty.channel.AbstractChannelHandlerContext.invokeChannelRead(AbstractChannelHandlerContext.java:352)\n\tat io.netty.chann...
[debug] &amp#27;[35m[W3C]&amp#27;[39m Matched W3C error code 'no such element' to NoSuchElementError
[debug] &amp#27;[35m[BaseDriver]&amp#27;[39m Waited for 783 ms so far
[debug] &amp#27;[35m[WD Proxy]&amp#27;[39m Matched '/element' to command name 'findElement'
[debug] &amp#27;[35m[WD Proxy]&amp#27;[39m Proxying [POST /element] to [POST http://127.0.0.1:8221/wd/hub/session/9dc84e74-2cc3-4bba-b969-72890442ea30/element] with body: {"strategy":"id","selector":"com.androidsample.generalstore:id/nameField","context":"","multiple":false}
[debug] &amp#27;[35m[WD Proxy]&amp#27;[39m Got response with status 200: {"sessionId":"9dc84e74-2cc3-4bba-b969-72890442ea30","value":{"ELEMENT":"e1a5c62c-57fd-445e-97ff-027047fc7447","element-6066-11e4-a52e-4f735466cecf":"e1a5c62c-57fd-445e-97ff-027047fc7447"}}
[debug] &amp#27;[35m[W3C (a225c595)]&amp#27;[39m Responding to client with driver.findElement() result: {"element-6066-11e4-a52e-4f735466cecf":"e1a5c62c-57fd-445e-97ff-027047fc7447","ELEMENT":"e1a5c62c-57fd-445e-97ff-027047fc7447"}
&amp#27;[35m[HTTP]&amp#27;[39m &amp#27;[37m<-- POST /wd/hub/session/a225c595-7f1d-4969-9777-d66d072ae31a/element &amp#27;[39m&amp#27;[32m200&amp#27;[39m &amp#27;[90m2163 ms - 137&amp#27;[39m
&amp#27;[35m[HTTP]&amp#27;[39m &amp#27;[90m&amp#27;[39m
&amp#27;[35m[HTTP]&amp#27;[39m &amp#27;[37m-->&amp#27;[39m &amp#27;[37mPOST&amp#27;[39m &amp#27;[37m/wd/hub/session/a225c595-7f1d-4969-9777-d66d072ae31a/element/e1a5c62c-57fd-445e-97ff-027047fc7447/value&amp#27;[39m
&amp#27;[35m[HTTP]&amp#27;[39m &amp#27;[90m{"id":"e1a5c62c-57fd-445e-97ff-027047fc7447","text":"Hello","value":["H","e","l","l","o"]}&amp#27;[39m
[debug] &amp#27;[35m[W3C (a225c595)]&amp#27;[39m Calling AppiumDriver.setValue() with args: [["H","e","l","l","o"],"e1a5c62c-57fd-445e-97ff-027047fc7447","a225c595-7f1d-4969-9777-d66d072ae31a"]
[debug] &amp#27;[35m[WD Proxy]&amp#27;[39m Matched '/element/e1a5c62c-57fd-445e-97ff-027047fc7447/value' to command name 'setValue'
[debug] &amp#27;[35m[Protocol Converter]&amp#27;[39m Added 'value' property ["H","e","l","l","o"] to 'setValue' request body
[debug] &amp#27;[35m[WD Proxy]&amp#27;[39m Proxying [POST /element/e1a5c62c-57fd-445e-97ff-027047fc7447/value] to [POST http://127.0.0.1:8221/wd/hub/session/9dc84e74-2cc3-4bba-b969-72890442ea30/element/e1a5c62c-57fd-445e-97ff-027047fc7447/value] with body: {"elementId":"e1a5c62c-57fd-445e-97ff-027047fc7447","text":"Hello","replace":false,"value":["H","e","l","l","o"]}
[debug] &amp#27;[35m[WD Proxy]&amp#27;[39m Got response with status 200: {"sessionId":"9dc84e74-2cc3-4bba-b969-72890442ea30","value":null}
[debug] &amp#27;[35m[W3C (a225c595)]&amp#27;[39m Responding to client with driver.setValue() result: null
&amp#27;[35m[HTTP]&amp#27;[39m &amp#27;[37m<-- POST /wd/hub/session/a225c595-7f1d-4969-9777-d66d072ae31a/element/e1a5c62c-57fd-445e-97ff-027047fc7447/value &amp#27;[39m&amp#27;[32m200&amp#27;[39m &amp#27;[90m568 ms - 14&amp#27;[39m
&amp#27;[35m[HTTP]&amp#27;[39m &amp#27;[90m&amp#27;[39m
&amp#27;[35m[HTTP]&amp#27;[39m &amp#27;[37m-->&amp#27;[39m &amp#27;[37mPOST&amp#27;[39m &amp#27;[37m/wd/hub/session/a225c595-7f1d-4969-9777-d66d072ae31a/appium/device/hide_keyboard&amp#27;[39m
&amp#27;[35m[HTTP]&amp#27;[39m &amp#27;[90m{}&amp#27;[39m
[debug] &amp#27;[35m[W3C (a225c595)]&amp#27;[39m Calling AppiumDriver.hideKeyboard() with args: [null,null,null,null,"a225c595-7f1d-4969-9777-d66d072ae31a"]
[debug] &amp#27;[35m[ADB]&amp#27;[39m Running 'C:\Users\akhil\AppData\Local\Android\Sdk\platform-tools\adb.exe -P 5037 -s emulator-5554 shell dumpsys input_method'
&amp#27;[35m[AndroidDriver]&amp#27;[39m Keyboard has no UI; no closing necessary
[debug] &amp#27;[35m[W3C (a225c595)]&amp#27;[39m Responding to client with driver.hideKeyboard() result: null
&amp#27;[35m[HTTP]&amp#27;[39m &amp#27;[37m<-- POST /wd/hub/session/a225c595-7f1d-4969-9777-d66d072ae31a/appium/device/hide_keyboard &amp#27;[39m&amp#27;[32m200&amp#27;[39m &amp#27;[90m206 ms - 14&amp#27;[39m
&amp#27;[35m[HTTP]&amp#27;[39m &amp#27;[90m&amp#27;[39m
&amp#27;[35m[HTTP]&amp#27;[39m &amp#27;[37m-->&amp#27;[39m &amp#27;[37mGET&amp#27;[39m &amp#27;[37m/wd/hub/session/a225c595-7f1d-4969-9777-d66d072ae31a&amp#27;[39m
&amp#27;[35m[HTTP]&amp#27;[39m &amp#27;[90m{}&amp#27;[39m
[debug] &amp#27;[35m[W3C (a225c595)]&amp#27;[39m Calling AppiumDriver.getSession() with args: ["a225c595-7f1d-4969-9777-d66d072ae31a"]
[debug] &amp#27;[35m[UiAutomator2]&amp#27;[39m Getting session details from server to mix in
[debug] &amp#27;[35m[WD Proxy]&amp#27;[39m Matched '/' to command name 'getSession'
[debug] &amp#27;[35m[WD Proxy]&amp#27;[39m Proxying [GET /] to [GET http://127.0.0.1:8221/wd/hub/session/9dc84e74-2cc3-4bba-b969-72890442ea30] with body: {}
[debug] &amp#27;[35m[WD Proxy]&amp#27;[39m Got response with status 200: {"sessionId":"9dc84e74-2cc3-4bba-b969-72890442ea30","value":{}}
[debug] &amp#27;[35m[W3C (a225c595)]&amp#27;[39m Responding to client with driver.getSession() result: {"platform":"LINUX","webStorageEnabled":false,"takesScreenshot":true,"javascriptEnabled":true,"databaseEnabled":false,"networkConnectionEnabled":true,"locationContextEnabled":false,"warnings":{},"desired":{"platformName":"android","version":"9.0","app":"C:\\Users\\akhil\\eclipse-workspace\\AppiumFramework\\src\\General-Store.apk","automationName":"Uiautomator2","deviceName":"APTicksEmulator","newCommandTimeout":14},"platformName":"android","version":"9.0","app":"C:\\Users\\akhil\\eclipse-workspace\\AppiumFramework\\src\\General-Store.apk","automationName":"Uiautomator2","deviceName":"emulator-5554","newCommandTimeout":14,"deviceUDID":"emulator-5554","appPackage":"com.androidsample.generalstore","deviceApiLevel":28,"platformVersion":"9","deviceScreenSize":"1080x1920","deviceScreenDensity":420,"deviceModel":"AOSP on IA Emulator","deviceManufacturer":"Google","pixelRatio":2.625,"statBarHeight":63,"viewportRect":{"left":0,"top":63,"width":1080,"height":1731}}
&amp#27;[35m[HTTP]&amp#27;[39m &amp#27;[37m<-- GET /wd/hub/session/a225c595-7f1d-4969-9777-d66d072ae31a &amp#27;[39m&amp#27;[32m200&amp#27;[39m &amp#27;[90m10 ms - 979&amp#27;[39m
&amp#27;[35m[HTTP]&amp#27;[39m &amp#27;[90m&amp#27;[39m
&amp#27;[35m[HTTP]&amp#27;[39m &amp#27;[37m-->&amp#27;[39m &amp#27;[37mPOST&amp#27;[39m &amp#27;[37m/wd/hub/session/a225c595-7f1d-4969-9777-d66d072ae31a/element&amp#27;[39m
&amp#27;[35m[HTTP]&amp#27;[39m &amp#27;[90m{"using":"xpath","value":"//*[@text='Female']"}&amp#27;[39m
[debug] &amp#27;[35m[W3C (a225c595)]&amp#27;[39m Calling AppiumDriver.findElement() with args: ["xpath","//*[@text='Female']","a225c595-7f1d-4969-9777-d66d072ae31a"]
[debug] &amp#27;[35m[BaseDriver]&amp#27;[39m Valid locator strategies for this request: xpath, id, class name, accessibility id, -android uiautomator
[debug] &amp#27;[35m[BaseDriver]&amp#27;[39m Waiting up to 10000 ms for condition
[debug] &amp#27;[35m[WD Proxy]&amp#27;[39m Matched '/element' to command name 'findElement'
[debug] &amp#27;[35m[WD Proxy]&amp#27;[39m Proxying [POST /element] to [POST http://127.0.0.1:8221/wd/hub/session/9dc84e74-2cc3-4bba-b969-72890442ea30/element] with body: {"strategy":"xpath","selector":"//*[@text='Female']","context":"","multiple":false}
[debug] &amp#27;[35m[WD Proxy]&amp#27;[39m Got response with status 200: {"sessionId":"9dc84e74-2cc3-4bba-b969-72890442ea30","value":{"ELEMENT":"cf91e5c0-71cf-4ded-b215-081249c30a65","element-6066-11e4-a52e-4f735466cecf":"cf91e5c0-71cf-4ded-b215-081249c30a65"}}
[debug] &amp#27;[35m[W3C (a225c595)]&amp#27;[39m Responding to client with driver.findElement() result: {"element-6066-11e4-a52e-4f735466cecf":"cf91e5c0-71cf-4ded-b215-081249c30a65","ELEMENT":"cf91e5c0-71cf-4ded-b215-081249c30a65"}
&amp#27;[35m[HTTP]&amp#27;[39m &amp#27;[37m<-- POST /wd/hub/session/a225c595-7f1d-4969-9777-d66d072ae31a/element &amp#27;[39m&amp#27;[32m200&amp#27;[39m &amp#27;[90m643 ms - 137&amp#27;[39m
&amp#27;[35m[HTTP]&amp#27;[39m &amp#27;[90m&amp#27;[39m
&amp#27;[35m[HTTP]&amp#27;[39m &amp#27;[37m-->&amp#27;[39m &amp#27;[37mPOST&amp#27;[39m &amp#27;[37m/wd/hub/session/a225c595-7f1d-4969-9777-d66d072ae31a/element/cf91e5c0-71cf-4ded-b215-081249c30a65/click&amp#27;[39m
&amp#27;[35m[HTTP]&amp#27;[39m &amp#27;[90m{"id":"cf91e5c0-71cf-4ded-b215-081249c30a65"}&amp#27;[39m
[debug] &amp#27;[35m[W3C (a225c595)]&amp#27;[39m Calling AppiumDriver.click() with args: ["cf91e5c0-71cf-4ded-b215-081249c30a65","a225c595-7f1d-4969-9777-d66d072ae31a"]
[debug] &amp#27;[35m[WD Proxy]&amp#27;[39m Matched '/element/cf91e5c0-71cf-4ded-b215-081249c30a65/click' to command name 'click'
[debug] &amp#27;[35m[WD Proxy]&amp#27;[39m Proxying [POST /element/cf91e5c0-71cf-4ded-b215-081249c30a65/click] to [POST http://127.0.0.1:8221/wd/hub/session/9dc84e74-2cc3-4bba-b969-72890442ea30/element/cf91e5c0-71cf-4ded-b215-081249c30a65/click] with body: {"element":"cf91e5c0-71cf-4ded-b215-081249c30a65"}
[debug] &amp#27;[35m[WD Proxy]&amp#27;[39m Got response with status 200: {"sessionId":"9dc84e74-2cc3-4bba-b969-72890442ea30","value":null}
[debug] &amp#27;[35m[W3C (a225c595)]&amp#27;[39m Responding to client with driver.click() result: null
&amp#27;[35m[HTTP]&amp#27;[39m &amp#27;[37m<-- POST /wd/hub/session/a225c595-7f1d-4969-9777-d66d072ae31a/element/cf91e5c0-71cf-4ded-b215-081249c30a65/click &amp#27;[39m&amp#27;[32m200&amp#27;[39m &amp#27;[90m357 ms - 14&amp#27;[39m
&amp#27;[35m[HTTP]&amp#27;[39m &amp#27;[90m&amp#27;[39m
&amp#27;[35m[HTTP]&amp#27;[39m &amp#27;[37m-->&amp#27;[39m &amp#27;[37mGET&amp#27;[39m &amp#27;[37m/wd/hub/session/a225c595-7f1d-4969-9777-d66d072ae31a&amp#27;[39m
&amp#27;[35m[HTTP]&amp#27;[39m &amp#27;[90m{}&amp#27;[39m
[debug] &amp#27;[35m[W3C (a225c595)]&amp#27;[39m Calling AppiumDriver.getSession() with args: ["a225c595-7f1d-4969-9777-d66d072ae31a"]
[debug] &amp#27;[35m[UiAutomator2]&amp#27;[39m Getting session details from server to mix in
[debug] &amp#27;[35m[WD Proxy]&amp#27;[39m Matched '/' to command name 'getSession'
[debug] &amp#27;[35m[WD Proxy]&amp#27;[39m Proxying [GET /] to [GET http://127.0.0.1:8221/wd/hub/session/9dc84e74-2cc3-4bba-b969-72890442ea30] with body: {}
[debug] &amp#27;[35m[WD Proxy]&amp#27;[39m Got response with status 200: {"sessionId":"9dc84e74-2cc3-4bba-b969-72890442ea30","value":{}}
[debug] &amp#27;[35m[W3C (a225c595)]&amp#27;[39m Responding to client with driver.getSession() result: {"platform":"LINUX","webStorageEnabled":false,"takesScreenshot":true,"javascriptEnabled":true,"databaseEnabled":false,"networkConnectionEnabled":true,"locationContextEnabled":false,"warnings":{},"desired":{"platformName":"android","version":"9.0","app":"C:\\Users\\akhil\\eclipse-workspace\\AppiumFramework\\src\\General-Store.apk","automationName":"Uiautomator2","deviceName":"APTicksEmulator","newCommandTimeout":14},"platformName":"android","version":"9.0","app":"C:\\Users\\akhil\\eclipse-workspace\\AppiumFramework\\src\\General-Store.apk","automationName":"Uiautomator2","deviceName":"emulator-5554","newCommandTimeout":14,"deviceUDID":"emulator-5554","appPackage":"com.androidsample.generalstore","deviceApiLevel":28,"platformVersion":"9","deviceScreenSize":"1080x1920","deviceScreenDensity":420,"deviceModel":"AOSP on IA Emulator","deviceManufacturer":"Google","pixelRatio":2.625,"statBarHeight":63,"viewportRect":{"left":0,"top":63,"width":1080,"height":1731}}
&amp#27;[35m[HTTP]&amp#27;[39m &amp#27;[37m<-- GET /wd/hub/session/a225c595-7f1d-4969-9777-d66d072ae31a &amp#27;[39m&amp#27;[32m200&amp#27;[39m &amp#27;[90m14 ms - 979&amp#27;[39m
&amp#27;[35m[HTTP]&amp#27;[39m &amp#27;[90m&amp#27;[39m
&amp#27;[35m[HTTP]&amp#27;[39m &amp#27;[37m-->&amp#27;[39m &amp#27;[37mPOST&amp#27;[39m &amp#27;[37m/wd/hub/session/a225c595-7f1d-4969-9777-d66d072ae31a/element&amp#27;[39m
&amp#27;[35m[HTTP]&amp#27;[39m &amp#27;[90m{"using":"id","value":"android:id/text1"}&amp#27;[39m
[debug] &amp#27;[35m[W3C (a225c595)]&amp#27;[39m Calling AppiumDriver.findElement() with args: ["id","android:id/text1","a225c595-7f1d-4969-9777-d66d072ae31a"]
[debug] &amp#27;[35m[BaseDriver]&amp#27;[39m Valid locator strategies for this request: xpath, id, class name, accessibility id, -android uiautomator
[debug] &amp#27;[35m[BaseDriver]&amp#27;[39m Waiting up to 10000 ms for condition
[debug] &amp#27;[35m[WD Proxy]&amp#27;[39m Matched '/element' to command name 'findElement'
[debug] &amp#27;[35m[WD Proxy]&amp#27;[39m Proxying [POST /element] to [POST http://127.0.0.1:8221/wd/hub/session/9dc84e74-2cc3-4bba-b969-72890442ea30/element] with body: {"strategy":"id","selector":"android:id/text1","context":"","multiple":false}
[debug] &amp#27;[35m[WD Proxy]&amp#27;[39m Got response with status 200: {"sessionId":"9dc84e74-2cc3-4bba-b969-72890442ea30","value":{"ELEMENT":"21bb6fbc-a2ad-470f-a039-9f35a90ee7a4","element-6066-11e4-a52e-4f735466cecf":"21bb6fbc-a2ad-470f-a039-9f35a90ee7a4"}}
[debug] &amp#27;[35m[W3C (a225c595)]&amp#27;[39m Responding to client with driver.findElement() result: {"element-6066-11e4-a52e-4f735466cecf":"21bb6fbc-a2ad-470f-a039-9f35a90ee7a4","ELEMENT":"21bb6fbc-a2ad-470f-a039-9f35a90ee7a4"}
&amp#27;[35m[HTTP]&amp#27;[39m &amp#27;[37m<-- POST /wd/hub/session/a225c595-7f1d-4969-9777-d66d072ae31a/element &amp#27;[39m&amp#27;[32m200&amp#27;[39m &amp#27;[90m119 ms - 137&amp#27;[39m
&amp#27;[35m[HTTP]&amp#27;[39m &amp#27;[90m&amp#27;[39m
&amp#27;[35m[HTTP]&amp#27;[39m &amp#27;[37m-->&amp#27;[39m &amp#27;[37mPOST&amp#27;[39m &amp#27;[37m/wd/hub/session/a225c595-7f1d-4969-9777-d66d072ae31a/element/21bb6fbc-a2ad-470f-a039-9f35a90ee7a4/click&amp#27;[39m
&amp#27;[35m[HTTP]&amp#27;[39m &amp#27;[90m{"id":"21bb6fbc-a2ad-470f-a039-9f35a90ee7a4"}&amp#27;[39m
[debug] &amp#27;[35m[W3C (a225c595)]&amp#27;[39m Calling AppiumDriver.click() with args: ["21bb6fbc-a2ad-470f-a039-9f35a90ee7a4","a225c595-7f1d-4969-9777-d66d072ae31a"]
[debug] &amp#27;[35m[WD Proxy]&amp#27;[39m Matched '/element/21bb6fbc-a2ad-470f-a039-9f35a90ee7a4/click' to command name 'click'
[debug] &amp#27;[35m[WD Proxy]&amp#27;[39m Proxying [POST /element/21bb6fbc-a2ad-470f-a039-9f35a90ee7a4/click] to [POST http://127.0.0.1:8221/wd/hub/session/9dc84e74-2cc3-4bba-b969-72890442ea30/element/21bb6fbc-a2ad-470f-a039-9f35a90ee7a4/click] with body: {"element":"21bb6fbc-a2ad-470f-a039-9f35a90ee7a4"}
[debug] &amp#27;[35m[WD Proxy]&amp#27;[39m Got response with status 200: {"sessionId":"9dc84e74-2cc3-4bba-b969-72890442ea30","value":null}
[debug] &amp#27;[35m[W3C (a225c595)]&amp#27;[39m Responding to client with driver.click() result: null
&amp#27;[35m[HTTP]&amp#27;[39m &amp#27;[37m<-- POST /wd/hub/session/a225c595-7f1d-4969-9777-d66d072ae31a/element/21bb6fbc-a2ad-470f-a039-9f35a90ee7a4/click &amp#27;[39m&amp#27;[32m200&amp#27;[39m &amp#27;[90m527 ms - 14&amp#27;[39m
&amp#27;[35m[HTTP]&amp#27;[39m &amp#27;[90m&amp#27;[39m
&amp#27;[35m[HTTP]&amp#27;[39m &amp#27;[37m-->&amp#27;[39m &amp#27;[37mPOST&amp#27;[39m &amp#27;[37m/wd/hub/session/a225c595-7f1d-4969-9777-d66d072ae31a/element&amp#27;[39m
&amp#27;[35m[HTTP]&amp#27;[39m &amp#27;[90m{"using":"-android uiautomator","value":"new UiScrollable(new UiSelector().scrollable(true).instance(0)).scrollIntoView(new UiSelector().textMatches(\"Argentina\").instance(0))"}&amp#27;[39m
[debug] &amp#27;[35m[W3C (a225c595)]&amp#27;[39m Calling AppiumDriver.findElement() with args: ["-android uiautomator","new UiScrollable(new UiSelector().scrollable(true).instance(0)).scrollIntoView(new UiSelector().textMatches(\"Argentina\").instance(0))","a225c595-7f1d-4969-9777-d66d072ae31a"]
[debug] &amp#27;[35m[BaseDriver]&amp#27;[39m Valid locator strategies for this request: xpath, id, class name, accessibility id, -android uiautomator
[debug] &amp#27;[35m[BaseDriver]&amp#27;[39m Waiting up to 10000 ms for condition
[debug] &amp#27;[35m[WD Proxy]&amp#27;[39m Matched '/element' to command name 'findElement'
[debug] &amp#27;[35m[WD Proxy]&amp#27;[39m Proxying [POST /element] to [POST http://127.0.0.1:8221/wd/hub/session/9dc84e74-2cc3-4bba-b969-72890442ea30/element] with body: {"strategy":"-android uiautomator","selector":"new UiScrollable(new UiSelector().scrollable(true).instance(0)).scrollIntoView(new UiSelector().textMatches(\"Argentina\").instance(0))","context":"","multiple":false}
[debug] &amp#27;[35m[WD Proxy]&amp#27;[39m Got response with status 200: {"sessionId":"9dc84e74-2cc3-4bba-b969-72890442ea30","value":{"ELEMENT":"05ebe76b-d3e6-462b-953d-72b41c9b31ca","element-6066-11e4-a52e-4f735466cecf":"05ebe76b-d3e6-462b-953d-72b41c9b31ca"}}
[debug] &amp#27;[35m[W3C (a225c595)]&amp#27;[39m Responding to client with driver.findElement() result: {"element-6066-11e4-a52e-4f735466cecf":"05ebe76b-d3e6-462b-953d-72b41c9b31ca","ELEMENT":"05ebe76b-d3e6-462b-953d-72b41c9b31ca"}
&amp#27;[35m[HTTP]&amp#27;[39m &amp#27;[37m<-- POST /wd/hub/session/a225c595-7f1d-4969-9777-d66d072ae31a/element &amp#27;[39m&amp#27;[32m200&amp#27;[39m &amp#27;[90m5535 ms - 137&amp#27;[39m
&amp#27;[35m[HTTP]&amp#27;[39m &amp#27;[90m&amp#27;[39m
&amp#27;[35m[HTTP]&amp#27;[39m &amp#27;[37m-->&amp#27;[39m &amp#27;[37mGET&amp#27;[39m &amp#27;[37m/wd/hub/session/a225c595-7f1d-4969-9777-d66d072ae31a&amp#27;[39m
&amp#27;[35m[HTTP]&amp#27;[39m &amp#27;[90m{}&amp#27;[39m
[debug] &amp#27;[35m[W3C (a225c595)]&amp#27;[39m Calling AppiumDriver.getSession() with args: ["a225c595-7f1d-4969-9777-d66d072ae31a"]
[debug] &amp#27;[35m[UiAutomator2]&amp#27;[39m Getting session details from server to mix in
[debug] &amp#27;[35m[WD Proxy]&amp#27;[39m Matched '/' to command name 'getSession'
[debug] &amp#27;[35m[WD Proxy]&amp#27;[39m Proxying [GET /] to [GET http://127.0.0.1:8221/wd/hub/session/9dc84e74-2cc3-4bba-b969-72890442ea30] with body: {}
[debug] &amp#27;[35m[WD Proxy]&amp#27;[39m Got response with status 200: {"sessionId":"9dc84e74-2cc3-4bba-b969-72890442ea30","value":{}}
[debug] &amp#27;[35m[W3C (a225c595)]&amp#27;[39m Responding to client with driver.getSession() result: {"platform":"LINUX","webStorageEnabled":false,"takesScreenshot":true,"javascriptEnabled":true,"databaseEnabled":false,"networkConnectionEnabled":true,"locationContextEnabled":false,"warnings":{},"desired":{"platformName":"android","version":"9.0","app":"C:\\Users\\akhil\\eclipse-workspace\\AppiumFramework\\src\\General-Store.apk","automationName":"Uiautomator2","deviceName":"APTicksEmulator","newCommandTimeout":14},"platformName":"android","version":"9.0","app":"C:\\Users\\akhil\\eclipse-workspace\\AppiumFramework\\src\\General-Store.apk","automationName":"Uiautomator2","deviceName":"emulator-5554","newCommandTimeout":14,"deviceUDID":"emulator-5554","appPackage":"com.androidsample.generalstore","deviceApiLevel":28,"platformVersion":"9","deviceScreenSize":"1080x1920","deviceScreenDensity":420,"deviceModel":"AOSP on IA Emulator","deviceManufacturer":"Google","pixelRatio":2.625,"statBarHeight":63,"viewportRect":{"left":0,"top":63,"width":1080,"height":1731}}
&amp#27;[35m[HTTP]&amp#27;[39m &amp#27;[37m<-- GET /wd/hub/session/a225c595-7f1d-4969-9777-d66d072ae31a &amp#27;[39m&amp#27;[32m200&amp#27;[39m &amp#27;[90m15 ms - 979&amp#27;[39m
&amp#27;[35m[HTTP]&amp#27;[39m &amp#27;[90m&amp#27;[39m
&amp#27;[35m[HTTP]&amp#27;[39m &amp#27;[37m-->&amp#27;[39m &amp#27;[37mPOST&amp#27;[39m &amp#27;[37m/wd/hub/session/a225c595-7f1d-4969-9777-d66d072ae31a/element&amp#27;[39m
&amp#27;[35m[HTTP]&amp#27;[39m &amp#27;[90m{"using":"xpath","value":"//*[@text='Argentina']"}&amp#27;[39m
[debug] &amp#27;[35m[W3C (a225c595)]&amp#27;[39m Calling AppiumDriver.findElement() with args: ["xpath","//*[@text='Argentina']","a225c595-7f1d-4969-9777-d66d072ae31a"]
[debug] &amp#27;[35m[BaseDriver]&amp#27;[39m Valid locator strategies for this request: xpath, id, class name, accessibility id, -android uiautomator
[debug] &amp#27;[35m[BaseDriver]&amp#27;[39m Waiting up to 10000 ms for condition
[debug] &amp#27;[35m[WD Proxy]&amp#27;[39m Matched '/element' to command name 'findElement'
[debug] &amp#27;[35m[WD Proxy]&amp#27;[39m Proxying [POST /element] to [POST http://127.0.0.1:8221/wd/hub/session/9dc84e74-2cc3-4bba-b969-72890442ea30/element] with body: {"strategy":"xpath","selector":"//*[@text='Argentina']","context":"","multiple":false}
[debug] &amp#27;[35m[WD Proxy]&amp#27;[39m Got response with status 200: {"sessionId":"9dc84e74-2cc3-4bba-b969-72890442ea30","value":{"ELEMENT":"c65c03bd-6ff3-441f-bf01-129d0a29159d","element-6066-11e4-a52e-4f735466cecf":"c65c03bd-6ff3-441f-bf01-129d0a29159d"}}
[debug] &amp#27;[35m[W3C (a225c595)]&amp#27;[39m Responding to client with driver.findElement() result: {"element-6066-11e4-a52e-4f735466cecf":"c65c03bd-6ff3-441f-bf01-129d0a29159d","ELEMENT":"c65c03bd-6ff3-441f-bf01-129d0a29159d"}
&amp#27;[35m[HTTP]&amp#27;[39m &amp#27;[37m<-- POST /wd/hub/session/a225c595-7f1d-4969-9777-d66d072ae31a/element &amp#27;[39m&amp#27;[32m200&amp#27;[39m &amp#27;[90m146 ms - 137&amp#27;[39m
&amp#27;[35m[HTTP]&amp#27;[39m &amp#27;[90m&amp#27;[39m
&amp#27;[35m[HTTP]&amp#27;[39m &amp#27;[37m-->&amp#27;[39m &amp#27;[37mPOST&amp#27;[39m &amp#27;[37m/wd/hub/session/a225c595-7f1d-4969-9777-d66d072ae31a/element/c65c03bd-6ff3-441f-bf01-129d0a29159d/click&amp#27;[39m
&amp#27;[35m[HTTP]&amp#27;[39m &amp#27;[90m{"id":"c65c03bd-6ff3-441f-bf01-129d0a29159d"}&amp#27;[39m
[debug] &amp#27;[35m[W3C (a225c595)]&amp#27;[39m Calling AppiumDriver.click() with args: ["c65c03bd-6ff3-441f-bf01-129d0a29159d","a225c595-7f1d-4969-9777-d66d072ae31a"]
[debug] &amp#27;[35m[WD Proxy]&amp#27;[39m Matched '/element/c65c03bd-6ff3-441f-bf01-129d0a29159d/click' to command name 'click'
[debug] &amp#27;[35m[WD Proxy]&amp#27;[39m Proxying [POST /element/c65c03bd-6ff3-441f-bf01-129d0a29159d/click] to [POST http://127.0.0.1:8221/wd/hub/session/9dc84e74-2cc3-4bba-b969-72890442ea30/element/c65c03bd-6ff3-441f-bf01-129d0a29159d/click] with body: {"element":"c65c03bd-6ff3-441f-bf01-129d0a29159d"}
[debug] &amp#27;[35m[WD Proxy]&amp#27;[39m Got response with status 200: {"sessionId":"9dc84e74-2cc3-4bba-b969-72890442ea30","value":null}
[debug] &amp#27;[35m[W3C (a225c595)]&amp#27;[39m Responding to client with driver.click() result: null
&amp#27;[35m[HTTP]&amp#27;[39m &amp#27;[37m<-- POST /wd/hub/session/a225c595-7f1d-4969-9777-d66d072ae31a/element/c65c03bd-6ff3-441f-bf01-129d0a29159d/click &amp#27;[39m&amp#27;[32m200&amp#27;[39m &amp#27;[90m682 ms - 14&amp#27;[39m
&amp#27;[35m[HTTP]&amp#27;[39m &amp#27;[90m&amp#27;[39m
&amp#27;[35m[HTTP]&amp#27;[39m &amp#27;[37m-->&amp#27;[39m &amp#27;[37mGET&amp#27;[39m &amp#27;[37m/wd/hub/session/a225c595-7f1d-4969-9777-d66d072ae31a&amp#27;[39m
&amp#27;[35m[HTTP]&amp#27;[39m &amp#27;[90m{}&amp#27;[39m
[debug] &amp#27;[35m[W3C (a225c595)]&amp#27;[39m Calling AppiumDriver.getSession() with args: ["a225c595-7f1d-4969-9777-d66d072ae31a"]
[debug] &amp#27;[35m[UiAutomator2]&amp#27;[39m Getting session details from server to mix in
[debug] &amp#27;[35m[WD Proxy]&amp#27;[39m Matched '/' to command name 'getSession'
[debug] &amp#27;[35m[WD Proxy]&amp#27;[39m Proxying [GET /] to [GET http://127.0.0.1:8221/wd/hub/session/9dc84e74-2cc3-4bba-b969-72890442ea30] with body: {}
[debug] &amp#27;[35m[WD Proxy]&amp#27;[39m Got response with status 200: {"sessionId":"9dc84e74-2cc3-4bba-b969-72890442ea30","value":{}}
[debug] &amp#27;[35m[W3C (a225c595)]&amp#27;[39m Responding to client with driver.getSession() result: {"platform":"LINUX","webStorageEnabled":false,"takesScreenshot":true,"javascriptEnabled":true,"databaseEnabled":false,"networkConnectionEnabled":true,"locationContextEnabled":false,"warnings":{},"desired":{"platformName":"android","version":"9.0","app":"C:\\Users\\akhil\\eclipse-workspace\\AppiumFramework\\src\\General-Store.apk","automationName":"Uiautomator2","deviceName":"APTicksEmulator","newCommandTimeout":14},"platformName":"android","version":"9.0","app":"C:\\Users\\akhil\\eclipse-workspace\\AppiumFramework\\src\\General-Store.apk","automationName":"Uiautomator2","deviceName":"emulator-5554","newCommandTimeout":14,"deviceUDID":"emulator-5554","appPackage":"com.androidsample.generalstore","deviceApiLevel":28,"platformVersion":"9","deviceScreenSize":"1080x1920","deviceScreenDensity":420,"deviceModel":"AOSP on IA Emulator","deviceManufacturer":"Google","pixelRatio":2.625,"statBarHeight":63,"viewportRect":{"left":0,"top":63,"width":1080,"height":1731}}
&amp#27;[35m[HTTP]&amp#27;[39m &amp#27;[37m<-- GET /wd/hub/session/a225c595-7f1d-4969-9777-d66d072ae31a &amp#27;[39m&amp#27;[32m200&amp#27;[39m &amp#27;[90m14 ms - 979&amp#27;[39m
&amp#27;[35m[HTTP]&amp#27;[39m &amp#27;[90m&amp#27;[39m
&amp#27;[35m[HTTP]&amp#27;[39m &amp#27;[37m-->&amp#27;[39m &amp#27;[37mPOST&amp#27;[39m &amp#27;[37m/wd/hub/session/a225c595-7f1d-4969-9777-d66d072ae31a/element&amp#27;[39m
&amp#27;[35m[HTTP]&amp#27;[39m &amp#27;[90m{"using":"id","value":"com.androidsample.generalstore:id/btnLetsShop"}&amp#27;[39m
[debug] &amp#27;[35m[W3C (a225c595)]&amp#27;[39m Calling AppiumDriver.findElement() with args: ["id","com.androidsample.generalstore:id/btnLetsShop","a225c595-7f1d-4969-9777-d66d072ae31a"]
[debug] &amp#27;[35m[BaseDriver]&amp#27;[39m Valid locator strategies for this request: xpath, id, class name, accessibility id, -android uiautomator
[debug] &amp#27;[35m[BaseDriver]&amp#27;[39m Waiting up to 10000 ms for condition
[debug] &amp#27;[35m[WD Proxy]&amp#27;[39m Matched '/element' to command name 'findElement'
[debug] &amp#27;[35m[WD Proxy]&amp#27;[39m Proxying [POST /element] to [POST http://127.0.0.1:8221/wd/hub/session/9dc84e74-2cc3-4bba-b969-72890442ea30/element] with body: {"strategy":"id","selector":"com.androidsample.generalstore:id/btnLetsShop","context":"","multiple":false}
[debug] &amp#27;[35m[WD Proxy]&amp#27;[39m Got response with status 200: {"sessionId":"9dc84e74-2cc3-4bba-b969-72890442ea30","value":{"ELEMENT":"36ce4e4f-e2ac-4158-b57c-05d4655dbc1c","element-6066-11e4-a52e-4f735466cecf":"36ce4e4f-e2ac-4158-b57c-05d4655dbc1c"}}
[debug] &amp#27;[35m[W3C (a225c595)]&amp#27;[39m Responding to client with driver.findElement() result: {"element-6066-11e4-a52e-4f735466cecf":"36ce4e4f-e2ac-4158-b57c-05d4655dbc1c","ELEMENT":"36ce4e4f-e2ac-4158-b57c-05d4655dbc1c"}
&amp#27;[35m[HTTP]&amp#27;[39m &amp#27;[37m<-- POST /wd/hub/session/a225c595-7f1d-4969-9777-d66d072ae31a/element &amp#27;[39m&amp#27;[32m200&amp#27;[39m &amp#27;[90m41 ms - 137&amp#27;[39m
&amp#27;[35m[HTTP]&amp#27;[39m &amp#27;[90m&amp#27;[39m
&amp#27;[35m[HTTP]&amp#27;[39m &amp#27;[37m-->&amp#27;[39m &amp#27;[37mPOST&amp#27;[39m &amp#27;[37m/wd/hub/session/a225c595-7f1d-4969-9777-d66d072ae31a/element/36ce4e4f-e2ac-4158-b57c-05d4655dbc1c/click&amp#27;[39m
&amp#27;[35m[HTTP]&amp#27;[39m &amp#27;[90m{"id":"36ce4e4f-e2ac-4158-b57c-05d4655dbc1c"}&amp#27;[39m
[debug] &amp#27;[35m[W3C (a225c595)]&amp#27;[39m Calling AppiumDriver.click() with args: ["36ce4e4f-e2ac-4158-b57c-05d4655dbc1c","a225c595-7f1d-4969-9777-d66d072ae31a"]
[debug] &amp#27;[35m[WD Proxy]&amp#27;[39m Matched '/element/36ce4e4f-e2ac-4158-b57c-05d4655dbc1c/click' to command name 'click'
[debug] &amp#27;[35m[WD Proxy]&amp#27;[39m Proxying [POST /element/36ce4e4f-e2ac-4158-b57c-05d4655dbc1c/click] to [POST http://127.0.0.1:8221/wd/hub/session/9dc84e74-2cc3-4bba-b969-72890442ea30/element/36ce4e4f-e2ac-4158-b57c-05d4655dbc1c/click] with body: {"element":"36ce4e4f-e2ac-4158-b57c-05d4655dbc1c"}
[debug] &amp#27;[35m[WD Proxy]&amp#27;[39m Got response with status 200: {"sessionId":"9dc84e74-2cc3-4bba-b969-72890442ea30","value":null}
[debug] &amp#27;[35m[W3C (a225c595)]&amp#27;[39m Responding to client with driver.click() result: null
&amp#27;[35m[HTTP]&amp#27;[39m &amp#27;[37m<-- POST /wd/hub/session/a225c595-7f1d-4969-9777-d66d072ae31a/element/36ce4e4f-e2ac-4158-b57c-05d4655dbc1c/click &amp#27;[39m&amp#27;[32m200&amp#27;[39m &amp#27;[90m34 ms - 14&amp#27;[39m
&amp#27;[35m[HTTP]&amp#27;[39m &amp#27;[90m&amp#27;[39m
&amp#27;[35m[HTTP]&amp#27;[39m &amp#27;[37m-->&amp#27;[39m &amp#27;[37mGET&amp#27;[39m &amp#27;[37m/wd/hub/session/a225c595-7f1d-4969-9777-d66d072ae31a&amp#27;[39m
&amp#27;[35m[HTTP]&amp#27;[39m &amp#27;[90m{}&amp#27;[39m
[debug] &amp#27;[35m[W3C (a225c595)]&amp#27;[39m Calling AppiumDriver.getSession() with args: ["a225c595-7f1d-4969-9777-d66d072ae31a"]
[debug] &amp#27;[35m[UiAutomator2]&amp#27;[39m Getting session details from server to mix in
[debug] &amp#27;[35m[WD Proxy]&amp#27;[39m Matched '/' to command name 'getSession'
[debug] &amp#27;[35m[WD Proxy]&amp#27;[39m Proxying [GET /] to [GET http://127.0.0.1:8221/wd/hub/session/9dc84e74-2cc3-4bba-b969-72890442ea30] with body: {}
[debug] &amp#27;[35m[WD Proxy]&amp#27;[39m Got response with status 200: {"sessionId":"9dc84e74-2cc3-4bba-b969-72890442ea30","value":{}}
[debug] &amp#27;[35m[W3C (a225c595)]&amp#27;[39m Responding to client with driver.getSession() result: {"platform":"LINUX","webStorageEnabled":false,"takesScreenshot":true,"javascriptEnabled":true,"databaseEnabled":false,"networkConnectionEnabled":true,"locationContextEnabled":false,"warnings":{},"desired":{"platformName":"android","version":"9.0","app":"C:\\Users\\akhil\\eclipse-workspace\\AppiumFramework\\src\\General-Store.apk","automationName":"Uiautomator2","deviceName":"APTicksEmulator","newCommandTimeout":14},"platformName":"android","version":"9.0","app":"C:\\Users\\akhil\\eclipse-workspace\\AppiumFramework\\src\\General-Store.apk","automationName":"Uiautomator2","deviceName":"emulator-5554","newCommandTimeout":14,"deviceUDID":"emulator-5554","appPackage":"com.androidsample.generalstore","deviceApiLevel":28,"platformVersion":"9","deviceScreenSize":"1080x1920","deviceScreenDensity":420,"deviceModel":"AOSP on IA Emulator","deviceManufacturer":"Google","pixelRatio":2.625,"statBarHeight":63,"viewportRect":{"left":0,"top":63,"width":1080,"height":1731}}
&amp#27;[35m[HTTP]&amp#27;[39m &amp#27;[37m<-- GET /wd/hub/session/a225c595-7f1d-4969-9777-d66d072ae31a &amp#27;[39m&amp#27;[32m200&amp#27;[39m &amp#27;[90m18 ms - 979&amp#27;[39m
&amp#27;[35m[HTTP]&amp#27;[39m &amp#27;[90m&amp#27;[39m
&amp#27;[35m[HTTP]&amp#27;[39m &amp#27;[37m-->&amp#27;[39m &amp#27;[37mPOST&amp#27;[39m &amp#27;[37m/wd/hub/session/a225c595-7f1d-4969-9777-d66d072ae31a/elements&amp#27;[39m
&amp#27;[35m[HTTP]&amp#27;[39m &amp#27;[90m{"using":"xpath","value":"//*[@text='ADD TO CART']"}&amp#27;[39m
[debug] &amp#27;[35m[W3C (a225c595)]&amp#27;[39m Calling AppiumDriver.findElements() with args: ["xpath","//*[@text='ADD TO CART']","a225c595-7f1d-4969-9777-d66d072ae31a"]
[debug] &amp#27;[35m[BaseDriver]&amp#27;[39m Valid locator strategies for this request: xpath, id, class name, accessibility id, -android uiautomator
[debug] &amp#27;[35m[BaseDriver]&amp#27;[39m Waiting up to 10000 ms for condition
[debug] &amp#27;[35m[WD Proxy]&amp#27;[39m Matched '/elements' to command name 'findElements'
[debug] &amp#27;[35m[WD Proxy]&amp#27;[39m Proxying [POST /elements] to [POST http://127.0.0.1:8221/wd/hub/session/9dc84e74-2cc3-4bba-b969-72890442ea30/elements] with body: {"strategy":"xpath","selector":"//*[@text='ADD TO CART']","context":"","multiple":true}
[debug] &amp#27;[35m[WD Proxy]&amp#27;[39m Got response with status 200: {"sessionId":"9dc84e74-2cc3-4bba-b969-72890442ea30","value":[{"ELEMENT":"f221a351-32e1-49d2-93b4-c6766ee02eec","element-6066-11e4-a52e-4f735466cecf":"f221a351-32e1-49d2-93b4-c6766ee02eec"},{"ELEMENT":"ed4361ea-b1a2-4341-a5ce-dda835bdd9e6","element-6066-11e4-a52e-4f735466cecf":"ed4361ea-b1a2-4341-a5ce-dda835bdd9e6"}]}
[debug] &amp#27;[35m[W3C (a225c595)]&amp#27;[39m Responding to client with driver.findElements() result: [{"element-6066-11e4-a52e-4f735466cecf":"f221a351-32e1-49d2-93b4-c6766ee02eec","ELEMENT":"f221a351-32e1-49d2-93b4-c6766ee02eec"},{"element-6066-11e4-a52e-4f735466cecf":"ed4361ea-b1a2-4341-a5ce-dda835bdd9e6","ELEMENT":"ed4361ea-b1a2-4341-a5ce-dda835bdd9e6"}]
&amp#27;[35m[HTTP]&amp#27;[39m &amp#27;[37m<-- POST /wd/hub/session/a225c595-7f1d-4969-9777-d66d072ae31a/elements &amp#27;[39m&amp#27;[32m200&amp#27;[39m &amp#27;[90m293 ms - 267&amp#27;[39m
&amp#27;[35m[HTTP]&amp#27;[39m &amp#27;[90m&amp#27;[39m
&amp#27;[35m[HTTP]&amp#27;[39m &amp#27;[37m-->&amp#27;[39m &amp#27;[37mPOST&amp#27;[39m &amp#27;[37m/wd/hub/session/a225c595-7f1d-4969-9777-d66d072ae31a/element/f221a351-32e1-49d2-93b4-c6766ee02eec/click&amp#27;[39m
&amp#27;[35m[HTTP]&amp#27;[39m &amp#27;[90m{"id":"f221a351-32e1-49d2-93b4-c6766ee02eec"}&amp#27;[39m
[debug] &amp#27;[35m[W3C (a225c595)]&amp#27;[39m Calling AppiumDriver.click() with args: ["f221a351-32e1-49d2-93b4-c6766ee02eec","a225c595-7f1d-4969-9777-d66d072ae31a"]
[debug] &amp#27;[35m[WD Proxy]&amp#27;[39m Matched '/element/f221a351-32e1-49d2-93b4-c6766ee02eec/click' to command name 'click'
[debug] &amp#27;[35m[WD Proxy]&amp#27;[39m Proxying [POST /element/f221a351-32e1-49d2-93b4-c6766ee02eec/click] to [POST http://127.0.0.1:8221/wd/hub/session/9dc84e74-2cc3-4bba-b969-72890442ea30/element/f221a351-32e1-49d2-93b4-c6766ee02eec/click] with body: {"element":"f221a351-32e1-49d2-93b4-c6766ee02eec"}
[debug] &amp#27;[35m[WD Proxy]&amp#27;[39m Got response with status 200: {"sessionId":"9dc84e74-2cc3-4bba-b969-72890442ea30","value":null}
[debug] &amp#27;[35m[W3C (a225c595)]&amp#27;[39m Responding to client with driver.click() result: null
&amp#27;[35m[HTTP]&amp#27;[39m &amp#27;[37m<-- POST /wd/hub/session/a225c595-7f1d-4969-9777-d66d072ae31a/element/f221a351-32e1-49d2-93b4-c6766ee02eec/click &amp#27;[39m&amp#27;[32m200&amp#27;[39m &amp#27;[90m36 ms - 14&amp#27;[39m
&amp#27;[35m[HTTP]&amp#27;[39m &amp#27;[90m&amp#27;[39m
&amp#27;[35m[HTTP]&amp#27;[39m &amp#27;[37m-->&amp#27;[39m &amp#27;[37mGET&amp#27;[39m &amp#27;[37m/wd/hub/session/a225c595-7f1d-4969-9777-d66d072ae31a&amp#27;[39m
&amp#27;[35m[HTTP]&amp#27;[39m &amp#27;[90m{}&amp#27;[39m
[debug] &amp#27;[35m[W3C (a225c595)]&amp#27;[39m Calling AppiumDriver.getSession() with args: ["a225c595-7f1d-4969-9777-d66d072ae31a"]
[debug] &amp#27;[35m[UiAutomator2]&amp#27;[39m Getting session details from server to mix in
[debug] &amp#27;[35m[WD Proxy]&amp#27;[39m Matched '/' to command name 'getSession'
[debug] &amp#27;[35m[WD Proxy]&amp#27;[39m Proxying [GET /] to [GET http://127.0.0.1:8221/wd/hub/session/9dc84e74-2cc3-4bba-b969-72890442ea30] with body: {}
[debug] &amp#27;[35m[WD Proxy]&amp#27;[39m Got response with status 200: {"sessionId":"9dc84e74-2cc3-4bba-b969-72890442ea30","value":{}}
[...]
[debug] &amp#27;[35m[W3C (bd7d347c)]&amp#27;[39m Calling AppiumDriver.findElement() with args: ["id","android:id/checkbox","bd7d347c-10cb-45f4-93a8-f2b665fb2338"]
[debug] &amp#27;[35m[BaseDriver]&amp#27;[39m Valid locator strategies for this request: xpath, id, class name, accessibility id, -android uiautomator
[debug] &amp#27;[35m[BaseDriver]&amp#27;[39m Waiting up to 10000 ms for condition
[debug] &amp#27;[35m[WD Proxy]&amp#27;[39m Matched '/element' to command name 'findElement'
[debug] &amp#27;[35m[WD Proxy]&amp#27;[39m Proxying [POST /element] to [POST http://127.0.0.1:8223/wd/hub/session/d78f3d0e-68a8-44a9-9534-4411b549fc0a/element] with body: {"strategy":"id","selector":"android:id/checkbox","context":"","multiple":false}
[debug] &amp#27;[35m[WD Proxy]&amp#27;[39m Got response with status 200: {"sessionId":"d78f3d0e-68a8-44a9-9534-4411b549fc0a","value":{"ELEMENT":"f1add744-3f3f-4b0c-97ce-5a5969432833","element-6066-11e4-a52e-4f735466cecf":"f1add744-3f3f-4b0c-97ce-5a5969432833"}}
[debug] &amp#27;[35m[W3C (bd7d347c)]&amp#27;[39m Responding to client with driver.findElement() result: {"element-6066-11e4-a52e-4f735466cecf":"f1add744-3f3f-4b0c-97ce-5a5969432833","ELEMENT":"f1add744-3f3f-4b0c-97ce-5a5969432833"}
&amp#27;[35m[HTTP]&amp#27;[39m &amp#27;[37m<-- POST /wd/hub/session/bd7d347c-10cb-45f4-93a8-f2b665fb2338/element &amp#27;[39m&amp#27;[32m200&amp#27;[39m &amp#27;[90m56 ms - 137&amp#27;[39m
&amp#27;[35m[HTTP]&amp#27;[39m &amp#27;[90m&amp#27;[39m
&amp#27;[35m[HTTP]&amp#27;[39m &amp#27;[37m-->&amp#27;[39m &amp#27;[37mPOST&amp#27;[39m &amp#27;[37m/wd/hub/session/bd7d347c-10cb-45f4-93a8-f2b665fb2338/element/f1add744-3f3f-4b0c-97ce-5a5969432833/click&amp#27;[39m
&amp#27;[35m[HTTP]&amp#27;[39m &amp#27;[90m{"id":"f1add744-3f3f-4b0c-97ce-5a5969432833"}&amp#27;[39m
[debug] &amp#27;[35m[W3C (bd7d347c)]&amp#27;[39m Calling AppiumDriver.click() with args: ["f1add744-3f3f-4b0c-97ce-5a5969432833","bd7d347c-10cb-45f4-93a8-f2b665fb2338"]
[debug] &amp#27;[35m[WD Proxy]&amp#27;[39m Matched '/element/f1add744-3f3f-4b0c-97ce-5a5969432833/click' to command name 'click'
[debug] &amp#27;[35m[WD Proxy]&amp#27;[39m Proxying [POST /element/f1add744-3f3f-4b0c-97ce-5a5969432833/click] to [POST http://127.0.0.1:8223/wd/hub/session/d78f3d0e-68a8-44a9-9534-4411b549fc0a/element/f1add744-3f3f-4b0c-97ce-5a5969432833/click] with body: {"element":"f1add744-3f3f-4b0c-97ce-5a5969432833"}
[debug] &amp#27;[35m[WD Proxy]&amp#27;[39m Got response with status 200: {"sessionId":"d78f3d0e-68a8-44a9-9534-4411b549fc0a","value":null}
[debug] &amp#27;[35m[W3C (bd7d347c)]&amp#27;[39m Responding to client with driver.click() result: null
&amp#27;[35m[HTTP]&amp#27;[39m &amp#27;[37m<-- POST /wd/hub/session/bd7d347c-10cb-45f4-93a8-f2b665fb2338/element/f1add744-3f3f-4b0c-97ce-5a5969432833/click &amp#27;[39m&amp#27;[32m200&amp#27;[39m &amp#27;[90m41 ms - 14&amp#27;[39m
&amp#27;[35m[HTTP]&amp#27;[39m &amp#27;[90m&amp#27;[39m
&amp#27;[35m[HTTP]&amp#27;[39m &amp#27;[37m-->&amp#27;[39m &amp#27;[37mGET&amp#27;[39m &amp#27;[37m/wd/hub/session/bd7d347c-10cb-45f4-93a8-f2b665fb2338&amp#27;[39m
&amp#27;[35m[HTTP]&amp#27;[39m &amp#27;[90m{}&amp#27;[39m
[debug] &amp#27;[35m[W3C (bd7d347c)]&amp#27;[39m Calling AppiumDriver.getSession() with args: ["bd7d347c-10cb-45f4-93a8-f2b665fb2338"]
[debug] &amp#27;[35m[UiAutomator2]&amp#27;[39m Getting session details from server to mix in
[debug] &amp#27;[35m[WD Proxy]&amp#27;[39m Matched '/' to command name 'getSession'
[debug] &amp#27;[35m[WD Proxy]&amp#27;[39m Proxying [GET /] to [GET http://127.0.0.1:8223/wd/hub/session/d78f3d0e-68a8-44a9-9534-4411b549fc0a] with body: {}
[debug] &amp#27;[35m[WD Proxy]&amp#27;[39m Got response with status 200: {"sessionId":"d78f3d0e-68a8-44a9-9534-4411b549fc0a","value":{}}
[debug] &amp#27;[35m[W3C (bd7d347c)]&amp#27;[39m Responding to client with driver.getSession() result: {"platform":"LINUX","webStorageEnabled":false,"takesScreenshot":true,"javascriptEnabled":true,"databaseEnabled":false,"networkConnectionEnabled":true,"locationContextEnabled":false,"warnings":{},"desired":{"platformName":"android","version":"9.0","app":"C:\\Users\\akhil\\eclipse-workspace\\AppiumFramework\\src\\ApiDemos-debug.apk","automationName":"Uiautomator2","deviceName":"APTicksEmulator","newCommandTimeout":14},"platformName":"android","version":"9.0","app":"C:\\Users\\akhil\\eclipse-workspace\\AppiumFramework\\src\\ApiDemos-debug.apk","automationName":"Uiautomator2","deviceName":"emulator-5554","newCommandTimeout":14,"deviceUDID":"emulator-5554","appPackage":"io.appium.android.apis","deviceApiLevel":28,"platformVersion":"9","deviceScreenSize":"1080x1920","deviceScreenDensity":420,"deviceModel":"AOSP on IA Emulator","deviceManufacturer":"Google","pixelRatio":2.625,"statBarHeight":63,"viewportRect":{"left":0,"top":63,"width":1080,"height":1731}}
&amp#27;[35m[HTTP]&amp#27;[39m &amp#27;[37m<-- GET /wd/hub/session/bd7d347c-10cb-45f4-93a8-f2b665fb2338 &amp#27;[39m&amp#27;[32m200&amp#27;[39m &amp#27;[90m19 ms - 973&amp#27;[39m
&amp#27;[35m[HTTP]&amp#27;[39m &amp#27;[90m&amp#27;[39m
&amp#27;[35m[HTTP]&amp#27;[39m &amp#27;[37m-->&amp#27;[39m &amp#27;[37mPOST&amp#27;[39m &amp#27;[37m/wd/hub/session/bd7d347c-10cb-45f4-93a8-f2b665fb2338/element&amp#27;[39m
&amp#27;[35m[HTTP]&amp#27;[39m &amp#27;[90m{"using":"xpath","value":"(//android.widget.RelativeLayout)[2]"}&amp#27;[39m
[debug] &amp#27;[35m[W3C (bd7d347c)]&amp#27;[39m Calling AppiumDriver.findElement() with args: ["xpath","(//android.widget.RelativeLayout)[2]","bd7d347c-10cb-45f4-93a8-f2b665fb2338"]
[debug] &amp#27;[35m[BaseDriver]&amp#27;[39m Valid locator strategies for this request: xpath, id, class name, accessibility id, -android uiautomator
[debug] &amp#27;[35m[BaseDriver]&amp#27;[39m Waiting up to 10000 ms for condition
[debug] &amp#27;[35m[WD Proxy]&amp#27;[39m Matched '/element' to command name 'findElement'
[debug] &amp#27;[35m[WD Proxy]&amp#27;[39m Proxying [POST /element] to [POST http://127.0.0.1:8223/wd/hub/session/d78f3d0e-68a8-44a9-9534-4411b549fc0a/element] with body: {"strategy":"xpath","selector":"(//android.widget.RelativeLayout)[2]","context":"","multiple":false}
[debug] &amp#27;[35m[WD Proxy]&amp#27;[39m Got response with status 200: {"sessionId":"d78f3d0e-68a8-44a9-9534-4411b549fc0a","value":{"ELEMENT":"acb3403d-27a6-4353-8b8d-714bff3c16db","element-6066-11e4-a52e-4f735466cecf":"acb3403d-27a6-4353-8b8d-714bff3c16db"}}
[debug] &amp#27;[35m[W3C (bd7d347c)]&amp#27;[39m Responding to client with driver.findElement() result: {"element-6066-11e4-a52e-4f735466cecf":"acb3403d-27a6-4353-8b8d-714bff3c16db","ELEMENT":"acb3403d-27a6-4353-8b8d-714bff3c16db"}
&amp#27;[35m[HTTP]&amp#27;[39m &amp#27;[37m<-- POST /wd/hub/session/bd7d347c-10cb-45f4-93a8-f2b665fb2338/element &amp#27;[39m&amp#27;[32m200&amp#27;[39m &amp#27;[90m792 ms - 137&amp#27;[39m
&amp#27;[35m[HTTP]&amp#27;[39m &amp#27;[90m&amp#27;[39m
&amp#27;[35m[HTTP]&amp#27;[39m &amp#27;[37m-->&amp#27;[39m &amp#27;[37mPOST&amp#27;[39m &amp#27;[37m/wd/hub/session/bd7d347c-10cb-45f4-93a8-f2b665fb2338/element/acb3403d-27a6-4353-8b8d-714bff3c16db/click&amp#27;[39m
&amp#27;[35m[HTTP]&amp#27;[39m &amp#27;[90m{"id":"acb3403d-27a6-4353-8b8d-714bff3c16db"}&amp#27;[39m
[debug] &amp#27;[35m[W3C (bd7d347c)]&amp#27;[39m Calling AppiumDriver.click() with args: ["acb3403d-27a6-4353-8b8d-714bff3c16db","bd7d347c-10cb-45f4-93a8-f2b665fb2338"]
[debug] &amp#27;[35m[WD Proxy]&amp#27;[39m Matched '/element/acb3403d-27a6-4353-8b8d-714bff3c16db/click' to command name 'click'
[debug] &amp#27;[35m[WD Proxy]&amp#27;[39m Proxying [POST /element/acb3403d-27a6-4353-8b8d-714bff3c16db/click] to [POST http://127.0.0.1:8223/wd/hub/session/d78f3d0e-68a8-44a9-9534-4411b549fc0a/element/acb3403d-27a6-4353-8b8d-714bff3c16db/click] with body: {"element":"acb3403d-27a6-4353-8b8d-714bff3c16db"}
[debug] &amp#27;[35m[WD Proxy]&amp#27;[39m Got response with status 200: {"sessionId":"d78f3d0e-68a8-44a9-9534-4411b549fc0a","value":null}
[debug] &amp#27;[35m[W3C (bd7d347c)]&amp#27;[39m Responding to client with driver.click() result: null
&amp#27;[35m[HTTP]&amp#27;[39m &amp#27;[37m<-- POST /wd/hub/session/bd7d347c-10cb-45f4-93a8-f2b665fb2338/element/acb3403d-27a6-4353-8b8d-714bff3c16db/click &amp#27;[39m&amp#27;[32m200&amp#27;[39m &amp#27;[90m1393 ms - 14&amp#27;[39m
&amp#27;[35m[HTTP]&amp#27;[39m &amp#27;[90m&amp#27;[39m
&amp#27;[35m[HTTP]&amp#27;[39m &amp#27;[37m-->&amp#27;[39m &amp#27;[37mGET&amp#27;[39m &amp#27;[37m/wd/hub/session/bd7d347c-10cb-45f4-93a8-f2b665fb2338&amp#27;[39m
&amp#27;[35m[HTTP]&amp#27;[39m &amp#27;[90m{}&amp#27;[39m
[debug] &amp#27;[35m[W3C (bd7d347c)]&amp#27;[39m Calling AppiumDriver.getSession() with args: ["bd7d347c-10cb-45f4-93a8-f2b665fb2338"]
[debug] &amp#27;[35m[UiAutomator2]&amp#27;[39m Getting session details from server to mix in
[debug] &amp#27;[35m[WD Proxy]&amp#27;[39m Matched '/' to command name 'getSession'
[debug] &amp#27;[35m[WD Proxy]&amp#27;[39m Proxying [GET /] to [GET http://127.0.0.1:8223/wd/hub/session/d78f3d0e-68a8-44a9-9534-4411b549fc0a] with body: {}
[debug] &amp#27;[35m[WD Proxy]&amp#27;[39m Got response with status 200: {"sessionId":"d78f3d0e-68a8-44a9-9534-4411b549fc0a","value":{}}
[debug] &amp#27;[35m[W3C (bd7d347c)]&amp#27;[39m Responding to client with driver.getSession() result: {"platform":"LINUX","webStorageEnabled":false,"takesScreenshot":true,"javascriptEnabled":true,"databaseEnabled":false,"networkConnectionEnabled":true,"locationContextEnabled":false,"warnings":{},"desired":{"platformName":"android","version":"9.0","app":"C:\\Users\\akhil\\eclipse-workspace\\AppiumFramework\\src\\ApiDemos-debug.apk","automationName":"Uiautomator2","deviceName":"APTicksEmulator","newCommandTimeout":14},"platformName":"android","version":"9.0","app":"C:\\Users\\akhil\\eclipse-workspace\\AppiumFramework\\src\\ApiDemos-debug.apk","automationName":"Uiautomator2","deviceName":"emulator-5554","newCommandTimeout":14,"deviceUDID":"emulator-5554","appPackage":"io.appium.android.apis","deviceApiLevel":28,"platformVersion":"9","deviceScreenSize":"1080x1920","deviceScreenDensity":420,"deviceModel":"AOSP on IA Emulator","deviceManufacturer":"Google","pixelRatio":2.625,"statBarHeight":63,"viewportRect":{"left":0,"top":63,"width":1080,"height":1731}}
&amp#27;[35m[HTTP]&amp#27;[39m &amp#27;[37m<-- GET /wd/hub/session/bd7d347c-10cb-45f4-93a8-f2b665fb2338 &amp#27;[39m&amp#27;[32m200&amp#27;[39m &amp#27;[90m28 ms - 973&amp#27;[39m
&amp#27;[35m[HTTP]&amp#27;[39m &amp#27;[90m&amp#27;[39m
&amp#27;[35m[HTTP]&amp#27;[39m &amp#27;[37m-->&amp#27;[39m &amp#27;[37mPOST&amp#27;[39m &amp#27;[37m/wd/hub/session/bd7d347c-10cb-45f4-93a8-f2b665fb2338/element&amp#27;[39m
&amp#27;[35m[HTTP]&amp#27;[39m &amp#27;[90m{"using":"class name","value":"android.widget.EditText"}&amp#27;[39m
[debug] &amp#27;[35m[W3C (bd7d347c)]&amp#27;[39m Calling AppiumDriver.findElement() with args: ["class name","android.widget.EditText","bd7d347c-10cb-45f4-93a8-f2b665fb2338"]
[debug] &amp#27;[35m[BaseDriver]&amp#27;[39m Valid locator strategies for this request: xpath, id, class name, accessibility id, -android uiautomator
[debug] &amp#27;[35m[BaseDriver]&amp#27;[39m Waiting up to 10000 ms for condition
[debug] &amp#27;[35m[WD Proxy]&amp#27;[39m Matched '/element' to command name 'findElement'
[debug] &amp#27;[35m[WD Proxy]&amp#27;[39m Proxying [POST /element] to [POST http://127.0.0.1:8223/wd/hub/session/d78f3d0e-68a8-44a9-9534-4411b549fc0a/element] with body: {"strategy":"class name","selector":"android.widget.EditText","context":"","multiple":false}
[debug] &amp#27;[35m[WD Proxy]&amp#27;[39m Got response with status 200: {"sessionId":"d78f3d0e-68a8-44a9-9534-4411b549fc0a","value":{"ELEMENT":"e6fef3b5-2694-477f-932a-1ca2a2116250","element-6066-11e4-a52e-4f735466cecf":"e6fef3b5-2694-477f-932a-1ca2a2116250"}}
[debug] &amp#27;[35m[W3C (bd7d347c)]&amp#27;[39m Responding to client with driver.findElement() result: {"element-6066-11e4-a52e-4f735466cecf":"e6fef3b5-2694-477f-932a-1ca2a2116250","ELEMENT":"e6fef3b5-2694-477f-932a-1ca2a2116250"}
&amp#27;[35m[HTTP]&amp#27;[39m &amp#27;[37m<-- POST /wd/hub/session/bd7d347c-10cb-45f4-93a8-f2b665fb2338/element &amp#27;[39m&amp#27;[32m200&amp#27;[39m &amp#27;[90m240 ms - 137&amp#27;[39m
&amp#27;[35m[HTTP]&amp#27;[39m &amp#27;[90m&amp#27;[39m
&amp#27;[35m[HTTP]&amp#27;[39m &amp#27;[37m-->&amp#27;[39m &amp#27;[37mPOST&amp#27;[39m &amp#27;[37m/wd/hub/session/bd7d347c-10cb-45f4-93a8-f2b665fb2338/element/e6fef3b5-2694-477f-932a-1ca2a2116250/value&amp#27;[39m
&amp#27;[35m[HTTP]&amp#27;[39m &amp#27;[90m{"id":"e6fef3b5-2694-477f-932a-1ca2a2116250","text":"@!##$%","value":["@","!","#","#","$","%"]}&amp#27;[39m
[debug] &amp#27;[35m[W3C (bd7d347c)]&amp#27;[39m Calling AppiumDriver.setValue() with args: [["@","!","#","#","$","%"],"e6fef3b5-2694-477f-932a-1ca2a2116250","bd7d347c-10cb-45f4-93a8-f2b665fb2338"]
[debug] &amp#27;[35m[WD Proxy]&amp#27;[39m Matched '/element/e6fef3b5-2694-477f-932a-1ca2a2116250/value' to command name 'setValue'
[debug] &amp#27;[35m[Protocol Converter]&amp#27;[39m Added 'value' property ["@","!","#","#","$","%"] to 'setValue' request body
[debug] &amp#27;[35m[WD Proxy]&amp#27;[39m Proxying [POST /element/e6fef3b5-2694-477f-932a-1ca2a2116250/value] to [POST http://127.0.0.1:8223/wd/hub/session/d78f3d0e-68a8-44a9-9534-4411b549fc0a/element/e6fef3b5-2694-477f-932a-1ca2a2116250/value] with body: {"elementId":"e6fef3b5-2694-477f-932a-1ca2a2116250","text":"@!##$%","replace":false,"value":["@","!","#","#","$","%"]}
[debug] &amp#27;[35m[WD Proxy]&amp#27;[39m Got response with status 200: {"sessionId":"d78f3d0e-68a8-44a9-9534-4411b549fc0a","value":null}
[debug] &amp#27;[35m[W3C (bd7d347c)]&amp#27;[39m Responding to client with driver.setValue() result: null
&amp#27;[35m[HTTP]&amp#27;[39m &amp#27;[37m<-- POST /wd/hub/session/bd7d347c-10cb-45f4-93a8-f2b665fb2338/element/e6fef3b5-2694-477f-932a-1ca2a2116250/value &amp#27;[39m&amp#27;[32m200&amp#27;[39m &amp#27;[90m906 ms - 14&amp#27;[39m
&amp#27;[35m[HTTP]&amp#27;[39m &amp#27;[90m&amp#27;[39m
&amp#27;[35m[HTTP]&amp#27;[39m &amp#27;[37m-->&amp#27;[39m &amp#27;[37mGET&amp#27;[39m &amp#27;[37m/wd/hub/session/bd7d347c-10cb-45f4-93a8-f2b665fb2338&amp#27;[39m
&amp#27;[35m[HTTP]&amp#27;[39m &amp#27;[90m{}&amp#27;[39m
[debug] &amp#27;[35m[W3C (bd7d347c)]&amp#27;[39m Calling AppiumDriver.getSession() with args: ["bd7d347c-10cb-45f4-93a8-f2b665fb2338"]
[debug] &amp#27;[35m[UiAutomator2]&amp#27;[39m Getting session details from server to mix in
[debug] &amp#27;[35m[WD Proxy]&amp#27;[39m Matched '/' to command name 'getSession'
[debug] &amp#27;[35m[WD Proxy]&amp#27;[39m Proxying [GET /] to [GET http://127.0.0.1:8223/wd/hub/session/d78f3d0e-68a8-44a9-9534-4411b549fc0a] with body: {}
[debug] &amp#27;[35m[WD Proxy]&amp#27;[39m Got response with status 200: {"sessionId":"d78f3d0e-68a8-44a9-9534-4411b549fc0a","value":{}}
[debug] &amp#27;[35m[W3C (bd7d347c)]&amp#27;[39m Responding to client with driver.getSession() result: {"platform":"LINUX","webStorageEnabled":false,"takesScreenshot":true,"javascriptEnabled":true,"databaseEnabled":false,"networkConnectionEnabled":true,"locationContextEnabled":false,"warnings":{},"desired":{"platformName":"android","version":"9.0","app":"C:\\Users\\akhil\\eclipse-workspace\\AppiumFramework\\src\\ApiDemos-debug.apk","automationName":"Uiautomator2","deviceName":"APTicksEmulator","newCommandTimeout":14},"platformName":"android","version":"9.0","app":"C:\\Users\\akhil\\eclipse-workspace\\AppiumFramework\\src\\ApiDemos-debug.apk","automationName":"Uiautomator2","deviceName":"emulator-5554","newCommandTimeout":14,"deviceUDID":"emulator-5554","appPackage":"io.appium.android.apis","deviceApiLevel":28,"platformVersion":"9","deviceScreenSize":"1080x1920","deviceScreenDensity":420,"deviceModel":"AOSP on IA Emulator","deviceManufacturer":"Google","pixelRatio":2.625,"statBarHeight":63,"viewportRect":{"left":0,"top":63,"width":1080,"height":1731}}
&amp#27;[35m[HTTP]&amp#27;[39m &amp#27;[37m<-- GET /wd/hub/session/bd7d347c-10cb-45f4-93a8-f2b665fb2338 &amp#27;[39m&amp#27;[32m200&amp#27;[39m &amp#27;[90m26 ms - 973&amp#27;[39m
&amp#27;[35m[HTTP]&amp#27;[39m &amp#27;[90m&amp#27;[39m
&amp#27;[35m[HTTP]&amp#27;[39m &amp#27;[37m-->&amp#27;[39m &amp#27;[37mPOST&amp#27;[39m &amp#27;[37m/wd/hub/session/bd7d347c-10cb-45f4-93a8-f2b665fb2338/elements&amp#27;[39m
&amp#27;[35m[HTTP]&amp#27;[39m &amp#27;[90m{"using":"class name","value":"android.widget.Button"}&amp#27;[39m
[debug] &amp#27;[35m[W3C (bd7d347c)]&amp#27;[39m Calling AppiumDriver.findElements() with args: ["class name","android.widget.Button","bd7d347c-10cb-45f4-93a8-f2b665fb2338"]
[debug] &amp#27;[35m[BaseDriver]&amp#27;[39m Valid locator strategies for this request: xpath, id, class name, accessibility id, -android uiautomator
[debug] &amp#27;[35m[BaseDriver]&amp#27;[39m Waiting up to 10000 ms for condition
[debug] &amp#27;[35m[WD Proxy]&amp#27;[39m Matched '/elements' to command name 'findElements'
[debug] &amp#27;[35m[WD Proxy]&amp#27;[39m Proxying [POST /elements] to [POST http://127.0.0.1:8223/wd/hub/session/d78f3d0e-68a8-44a9-9534-4411b549fc0a/elements] with body: {"strategy":"class name","selector":"android.widget.Button","context":"","multiple":true}
[debug] &amp#27;[35m[WD Proxy]&amp#27;[39m Got response with status 200: {"sessionId":"d78f3d0e-68a8-44a9-9534-4411b549fc0a","value":[{"ELEMENT":"296c7126-a853-4bf6-8e27-31f229a737e5","element-6066-11e4-a52e-4f735466cecf":"296c7126-a853-4bf6-8e27-31f229a737e5"},{"ELEMENT":"49e3ae92-a6fa-4a17-9d4b-2d7f63219199","element-6066-11e4-a52e-4f735466cecf":"49e3ae92-a6fa-4a17-9d4b-2d7f63219199"}]}
[debug] &amp#27;[35m[W3C (bd7d347c)]&amp#27;[39m Responding to client with driver.findElements() result: [{"element-6066-11e4-a52e-4f735466cecf":"296c7126-a853-4bf6-8e27-31f229a737e5","ELEMENT":"296c7126-a853-4bf6-8e27-31f229a737e5"},{"element-6066-11e4-a52e-4f735466cecf":"49e3ae92-a6fa-4a17-9d4b-2d7f63219199","ELEMENT":"49e3ae92-a6fa-4a17-9d4b-2d7f63219199"}]
&amp#27;[35m[HTTP]&amp#27;[39m &amp#27;[37m<-- POST /wd/hub/session/bd7d347c-10cb-45f4-93a8-f2b665fb2338/elements &amp#27;[39m&amp#27;[32m200&amp#27;[39m &amp#27;[90m572 ms - 267&amp#27;[39m
&amp#27;[35m[HTTP]&amp#27;[39m &amp#27;[90m&amp#27;[39m
&amp#27;[35m[HTTP]&amp#27;[39m &amp#27;[37m-->&amp#27;[39m &amp#27;[37mPOST&amp#27;[39m &amp#27;[37m/wd/hub/session/bd7d347c-10cb-45f4-93a8-f2b665fb2338/element/49e3ae92-a6fa-4a17-9d4b-2d7f63219199/click&amp#27;[39m
&amp#27;[35m[HTTP]&amp#27;[39m &amp#27;[90m{"id":"49e3ae92-a6fa-4a17-9d4b-2d7f63219199"}&amp#27;[39m
[debug] &amp#27;[35m[W3C (bd7d347c)]&amp#27;[39m Calling AppiumDriver.click() with args: ["49e3ae92-a6fa-4a17-9d4b-2d7f63219199","bd7d347c-10cb-45f4-93a8-f2b665fb2338"]
[debug] &amp#27;[35m[WD Proxy]&amp#27;[39m Matched '/element/49e3ae92-a6fa-4a17-9d4b-2d7f63219199/click' to command name 'click'
[debug] &amp#27;[35m[WD Proxy]&amp#27;[39m Proxying [POST /element/49e3ae92-a6fa-4a17-9d4b-2d7f63219199/click] to [POST http://127.0.0.1:8223/wd/hub/session/d78f3d0e-68a8-44a9-9534-4411b549fc0a/element/49e3ae92-a6fa-4a17-9d4b-2d7f63219199/click] with body: {"element":"49e3ae92-a6fa-4a17-9d4b-2d7f63219199"}
[debug] &amp#27;[35m[WD Proxy]&amp#27;[39m Got response with status 200: {"sessionId":"d78f3d0e-68a8-44a9-9534-4411b549fc0a","value":null}
[debug] &amp#27;[35m[W3C (bd7d347c)]&amp#27;[39m Responding to client with driver.click() result: null
&amp#27;[35m[HTTP]&amp#27;[39m &amp#27;[37m<-- POST /wd/hub/session/bd7d347c-10cb-45f4-93a8-f2b665fb2338/element/49e3ae92-a6fa-4a17-9d4b-2d7f63219199/click &amp#27;[39m&amp#27;[32m200&amp#27;[39m &amp#27;[90m27 ms - 14&amp#27;[39m
&amp#27;[35m[HTTP]&amp#27;[39m &amp#27;[90m&amp#27;[39m
]]></system-out>
    <system-err><![CDATA[Jul 30, 2020 7:50:47 PM io.appium.java_client.remote.AppiumCommandExecutor$1 lambda$0
INFO: Detected dialect: W3C
]]></system-err>
  </testcase>
</testsuite>