<?xml version="1.0" encoding="UTF-8"?>
<testng-results skipped="0" failed="0" ignored="0" total="3" passed="3">
  <reporter-output>
  </reporter-output>
  <suite name="Suite" duration-ms="115005" started-at="2020-07-30T23:49:01Z" finished-at="2020-07-30T23:50:56Z">
    <groups>
    </groups>
    <test name="Test" duration-ms="115005" started-at="2020-07-30T23:49:01Z" finished-at="2020-07-30T23:50:56Z">
      <class name="AppiumProject.AppiumFramework.Ecommerce_test_case1">
        <test-method status="PASS" signature="totalValidation()[pri:0, instance:AppiumProject.AppiumFramework.Ecommerce_test_case1@2cbb3d47]" name="totalValidation" duration-ms="39612" started-at="2020-07-30T23:49:07Z" finished-at="2020-07-30T23:49:46Z">
          <reporter-output>
          </reporter-output>
        </test-method> <!-- totalValidation -->
      </class> <!-- AppiumProject.AppiumFramework.Ecommerce_test_case1 -->
      <class name="AppiumProject.AppiumFramework.ApiDemo_test_case1">
        <test-method status="PASS" signature="killAllNodes()[pri:0, instance:AppiumProject.AppiumFramework.ApiDemo_test_case1@527e5409]" name="killAllNodes" is-config="true" duration-ms="3022" started-at="2020-07-30T23:49:01Z" finished-at="2020-07-30T23:49:04Z">
          <reporter-output>
          </reporter-output>
        </test-method> <!-- killAllNodes -->
        <test-method status="PASS" signature="killAllNodes()[pri:0, instance:AppiumProject.AppiumFramework.Ecommerce_test_case1@2cbb3d47]" name="killAllNodes" is-config="true" duration-ms="3003" started-at="2020-07-30T23:49:04Z" finished-at="2020-07-30T23:49:07Z">
          <reporter-output>
          </reporter-output>
        </test-method> <!-- killAllNodes -->
        <test-method status="PASS" signature="apiDemos(java.lang.String)[pri:0, instance:AppiumProject.AppiumFramework.ApiDemo_test_case1@527e5409]" name="apiDemos" duration-ms="35818" started-at="2020-07-30T23:49:46Z" data-provider="InputData" finished-at="2020-07-30T23:50:22Z">
          <params>
            <param index="0">
              <value>
                <![CDATA[hello]]>
              </value>
            </param>
          </params>
          <reporter-output>
          </reporter-output>
        </test-method> <!-- apiDemos -->
        <test-method status="PASS" signature="apiDemos(java.lang.String)[pri:0, instance:AppiumProject.AppiumFramework.ApiDemo_test_case1@527e5409]" name="apiDemos" duration-ms="33521" started-at="2020-07-30T23:50:22Z" data-provider="InputData" finished-at="2020-07-30T23:50:56Z">
          <params>
            <param index="0">
              <value>
                <![CDATA[@!##$%]]>
              </value>
            </param>
          </params>
          <reporter-output>
          </reporter-output>
        </test-method> <!-- apiDemos -->
      </class> <!-- AppiumProject.AppiumFramework.ApiDemo_test_case1 -->
    </test> <!-- Test -->
  </suite> <!-- Suite -->
</testng-results>
