<?xml version="1.0" encoding="UTF-8"?>
<testng-results skipped="0" failed="0" ignored="0" total="3" passed="3">
  <reporter-output>
  </reporter-output>
  <suite name="Suite" duration-ms="126682" started-at="2020-07-30T04:51:29 EDT" finished-at="2020-07-30T04:53:36 EDT">
    <groups>
    </groups>
    <test name="Test" duration-ms="126682" started-at="2020-07-30T04:51:29 EDT" finished-at="2020-07-30T04:53:36 EDT">
      <class name="AppiumProject.AppiumFramework.Ecommerce_test_case1">
        <test-method status="PASS" signature="killAllNodes()[pri:0, instance:AppiumProject.AppiumFramework.Ecommerce_test_case1@ed9d034]" name="killAllNodes" is-config="true" duration-ms="3004" started-at="2020-07-30T04:51:32 EDT" finished-at="2020-07-30T04:51:35 EDT">
          <reporter-output>
          </reporter-output>
        </test-method> <!-- killAllNodes -->
        <test-method status="PASS" signature="totalValidation()[pri:0, instance:AppiumProject.AppiumFramework.Ecommerce_test_case1@ed9d034]" name="totalValidation" duration-ms="50097" started-at="2020-07-30T04:51:35 EDT" finished-at="2020-07-30T04:52:26 EDT">
          <reporter-output>
          </reporter-output>
        </test-method> <!-- totalValidation -->
      </class> <!-- AppiumProject.AppiumFramework.Ecommerce_test_case1 -->
      <class name="AppiumProject.AppiumFramework.ApiDemo_test_case1">
        <test-method status="PASS" signature="killAllNodes()[pri:0, instance:AppiumProject.AppiumFramework.ApiDemo_test_case1@6121c9d6]" name="killAllNodes" is-config="true" duration-ms="3032" started-at="2020-07-30T04:51:29 EDT" finished-at="2020-07-30T04:51:32 EDT">
          <reporter-output>
          </reporter-output>
        </test-method> <!-- killAllNodes -->
        <test-method status="PASS" signature="apiDemos(java.lang.String)[pri:0, instance:AppiumProject.AppiumFramework.ApiDemo_test_case1@6121c9d6]" name="apiDemos" duration-ms="37699" started-at="2020-07-30T04:52:26 EDT" data-provider="InputData" finished-at="2020-07-30T04:53:03 EDT">
          <params>
            <param index="0">
              <value>
                <![CDATA[hello]]>
              </value>
            </param>
          </params>
          <reporter-output>
          </reporter-output>
        </test-method> <!-- apiDemos -->
        <test-method status="PASS" signature="apiDemos(java.lang.String)[pri:0, instance:AppiumProject.AppiumFramework.ApiDemo_test_case1@6121c9d6]" name="apiDemos" duration-ms="32792" started-at="2020-07-30T04:53:03 EDT" data-provider="InputData" finished-at="2020-07-30T04:53:36 EDT">
          <params>
            <param index="0">
              <value>
                <![CDATA[@!##$%]]>
              </value>
            </param>
          </params>
          <reporter-output>
          </reporter-output>
        </test-method> <!-- apiDemos -->
      </class> <!-- AppiumProject.AppiumFramework.ApiDemo_test_case1 -->
    </test> <!-- Test -->
  </suite> <!-- Suite -->
</testng-results>
